{"/home/travis/build/npmtest/node-npmtest-git-server/test.js":{"path":"/home/travis/build/npmtest/node-npmtest-git-server/test.js","s":{"1":2,"2":2,"3":2,"4":2,"5":2,"6":2,"7":2,"8":1,"9":2,"10":2,"11":1,"12":1,"13":1,"14":1,"15":2,"16":2,"17":2,"18":2,"19":1,"20":1,"21":2,"22":2,"23":2,"24":1,"25":1,"26":1,"27":1,"28":1,"29":1,"30":1,"31":1,"32":1,"33":1,"34":1,"35":1,"36":1,"37":1,"38":1,"39":2,"40":2,"41":1,"42":2,"43":2,"44":1,"45":2,"46":2,"47":1,"48":2,"49":2,"50":1,"51":1,"52":1,"53":1,"54":1},"b":{"1":[2,1,1,1],"2":[1,1,1,1],"3":[1,1],"4":[1,1],"5":[1,1],"6":[1,1],"7":[1,1],"8":[1,1],"9":[1,1],"10":[1,1,1],"11":[1,1],"12":[1,1],"13":[1,1],"14":[1,1],"15":[1,1],"16":[1,1],"17":[1,1]},"f":{"1":2,"2":2,"3":2,"4":2,"5":2,"6":1,"7":1,"8":1,"9":2,"10":2,"11":2,"12":2,"13":1},"fnMap":{"1":{"name":"(anonymous_1)","line":12,"loc":{"start":{"line":12,"column":1},"end":{"line":12,"column":13}}},"2":{"name":"(anonymous_2)","line":19,"loc":{"start":{"line":19,"column":5},"end":{"line":19,"column":17}}},"3":{"name":"(anonymous_3)","line":23,"loc":{"start":{"line":23,"column":24},"end":{"line":23,"column":36}}},"4":{"name":"(anonymous_4)","line":61,"loc":{"start":{"line":61,"column":5},"end":{"line":61,"column":17}}},"5":{"name":"(anonymous_5)","line":82,"loc":{"start":{"line":82,"column":5},"end":{"line":82,"column":17}}},"6":{"name":"(anonymous_6)","line":91,"loc":{"start":{"line":91,"column":77},"end":{"line":94,"column":10}}},"7":{"name":"(anonymous_7)","line":112,"loc":{"start":{"line":112,"column":83},"end":{"line":115,"column":10}},"skip":true},"8":{"name":"(anonymous_8)","line":123,"loc":{"start":{"line":123,"column":77},"end":{"line":126,"column":10}},"skip":true},"9":{"name":"(anonymous_9)","line":139,"loc":{"start":{"line":139,"column":12},"end":{"line":139,"column":40}},"skip":true},"10":{"name":"(anonymous_10)","line":147,"loc":{"start":{"line":147,"column":77},"end":{"line":150,"column":10}},"skip":true},"11":{"name":"(anonymous_11)","line":158,"loc":{"start":{"line":158,"column":83},"end":{"line":161,"column":10}},"skip":true},"12":{"name":"(anonymous_12)","line":169,"loc":{"start":{"line":169,"column":79},"end":{"line":172,"column":10}},"skip":true},"13":{"name":"(anonymous_13)","line":180,"loc":{"start":{"line":180,"column":75},"end":{"line":183,"column":10}},"skip":true}},"statementMap":{"1":{"start":{"line":12,"column":0},"end":{"line":195,"column":5}},"2":{"start":{"line":14,"column":4},"end":{"line":14,"column":14}},"3":{"start":{"line":19,"column":4},"end":{"line":56,"column":9}},"4":{"start":{"line":21,"column":8},"end":{"line":21,"column":19}},"5":{"start":{"line":23,"column":8},"end":{"line":35,"column":13}},"6":{"start":{"line":24,"column":12},"end":{"line":34,"column":13}},"7":{"start":{"line":25,"column":16},"end":{"line":28,"column":30}},"8":{"start":{"line":30,"column":16},"end":{"line":33,"column":27}},"9":{"start":{"line":37,"column":8},"end":{"line":39,"column":21}},"10":{"start":{"line":40,"column":8},"end":{"line":53,"column":9}},"11":{"start":{"line":43,"column":12},"end":{"line":46,"column":14}},"12":{"start":{"line":47,"column":12},"end":{"line":47,"column":18}},"13":{"start":{"line":50,"column":12},"end":{"line":51,"column":33}},"14":{"start":{"line":52,"column":12},"end":{"line":52,"column":18}},"15":{"start":{"line":55,"column":8},"end":{"line":55,"column":35}},"16":{"start":{"line":61,"column":4},"end":{"line":63,"column":9}},"17":{"start":{"line":62,"column":8},"end":{"line":62,"column":15}},"18":{"start":{"line":64,"column":4},"end":{"line":77,"column":5}},"19":{"start":{"line":70,"column":8},"end":{"line":70,"column":14}},"20":{"start":{"line":76,"column":8},"end":{"line":76,"column":14}},"21":{"start":{"line":82,"column":4},"end":{"line":84,"column":9}},"22":{"start":{"line":83,"column":8},"end":{"line":83,"column":15}},"23":{"start":{"line":85,"column":4},"end":{"line":194,"column":5}},"24":{"start":{"line":91,"column":8},"end":{"line":99,"column":10}},"25":{"start":{"line":98,"column":12},"end":{"line":98,"column":35}},"26":{"start":{"line":102,"column":8},"end":{"line":104,"column":63}},"27":{"start":{"line":105,"column":8},"end":{"line":105,"column":14}},"28":{"start":{"line":112,"column":8},"end":{"line":121,"column":10},"skip":true},"29":{"start":{"line":119,"column":12},"end":{"line":119,"column":55},"skip":true},"30":{"start":{"line":120,"column":12},"end":{"line":120,"column":48},"skip":true},"31":{"start":{"line":123,"column":8},"end":{"line":136,"column":10},"skip":true},"32":{"start":{"line":130,"column":12},"end":{"line":130,"column":76},"skip":true},"33":{"start":{"line":131,"column":12},"end":{"line":131,"column":73},"skip":true},"34":{"start":{"line":132,"column":12},"end":{"line":132,"column":74},"skip":true},"35":{"start":{"line":133,"column":12},"end":{"line":133,"column":79},"skip":true},"36":{"start":{"line":134,"column":12},"end":{"line":134,"column":25},"skip":true},"37":{"start":{"line":135,"column":12},"end":{"line":135,"column":45},"skip":true},"38":{"start":{"line":138,"column":8},"end":{"line":145,"column":14},"skip":true},"39":{"start":{"line":143,"column":16},"end":{"line":143,"column":29},"skip":true},"40":{"start":{"line":144,"column":16},"end":{"line":144,"column":55},"skip":true},"41":{"start":{"line":147,"column":8},"end":{"line":156,"column":10},"skip":true},"42":{"start":{"line":154,"column":12},"end":{"line":154,"column":25},"skip":true},"43":{"start":{"line":155,"column":12},"end":{"line":155,"column":45},"skip":true},"44":{"start":{"line":158,"column":8},"end":{"line":167,"column":10},"skip":true},"45":{"start":{"line":165,"column":12},"end":{"line":165,"column":25},"skip":true},"46":{"start":{"line":166,"column":12},"end":{"line":166,"column":48},"skip":true},"47":{"start":{"line":169,"column":8},"end":{"line":178,"column":10},"skip":true},"48":{"start":{"line":176,"column":12},"end":{"line":176,"column":25},"skip":true},"49":{"start":{"line":177,"column":12},"end":{"line":177,"column":46},"skip":true},"50":{"start":{"line":180,"column":8},"end":{"line":189,"column":10},"skip":true},"51":{"start":{"line":187,"column":12},"end":{"line":187,"column":94},"skip":true},"52":{"start":{"line":188,"column":12},"end":{"line":188,"column":48},"skip":true},"53":{"start":{"line":192,"column":8},"end":{"line":192,"column":35},"skip":true},"54":{"start":{"line":193,"column":8},"end":{"line":193,"column":14},"skip":true}},"branchMap":{"1":{"line":25,"type":"binary-expr","locations":[{"start":{"line":25,"column":23},"end":{"line":25,"column":62}},{"start":{"line":26,"column":20},"end":{"line":26,"column":70}},{"start":{"line":27,"column":20},"end":{"line":27,"column":71}},{"start":{"line":28,"column":20},"end":{"line":28,"column":29}}]},"2":{"line":30,"type":"binary-expr","locations":[{"start":{"line":30,"column":23},"end":{"line":30,"column":37}},{"start":{"line":31,"column":20},"end":{"line":31,"column":61}},{"start":{"line":32,"column":20},"end":{"line":32,"column":70}},{"start":{"line":33,"column":20},"end":{"line":33,"column":26}}]},"3":{"line":37,"type":"cond-expr","locations":[{"start":{"line":38,"column":14},"end":{"line":38,"column":20}},{"start":{"line":39,"column":14},"end":{"line":39,"column":20}}]},"4":{"line":40,"type":"switch","locations":[{"start":{"line":42,"column":8},"end":{"line":47,"column":18}},{"start":{"line":49,"column":8},"end":{"line":52,"column":18}}]},"5":{"line":44,"type":"binary-expr","locations":[{"start":{"line":44,"column":16},"end":{"line":44,"column":44}},{"start":{"line":44,"column":48},"end":{"line":44,"column":66}}]},"6":{"line":50,"type":"binary-expr","locations":[{"start":{"line":50,"column":21},"end":{"line":50,"column":49}},{"start":{"line":50,"column":53},"end":{"line":50,"column":72}}]},"7":{"line":64,"type":"switch","locations":[{"start":{"line":69,"column":4},"end":{"line":70,"column":14}},{"start":{"line":75,"column":4},"end":{"line":76,"column":14}}]},"8":{"line":85,"type":"switch","locations":[{"start":{"line":90,"column":4},"end":{"line":105,"column":14}},{"start":{"line":111,"column":4},"end":{"line":193,"column":14},"skip":true}]},"9":{"line":91,"type":"binary-expr","locations":[{"start":{"line":91,"column":42},"end":{"line":91,"column":73}},{"start":{"line":91,"column":77},"end":{"line":99,"column":9}}]},"10":{"line":102,"type":"binary-expr","locations":[{"start":{"line":102,"column":18},"end":{"line":102,"column":32}},{"start":{"line":103,"column":12},"end":{"line":103,"column":53}},{"start":{"line":104,"column":12},"end":{"line":104,"column":61}}]},"11":{"line":112,"type":"binary-expr","locations":[{"start":{"line":112,"column":45},"end":{"line":112,"column":79},"skip":true},{"start":{"line":112,"column":83},"end":{"line":121,"column":9},"skip":true}]},"12":{"line":123,"type":"binary-expr","locations":[{"start":{"line":123,"column":42},"end":{"line":123,"column":73},"skip":true},{"start":{"line":123,"column":77},"end":{"line":136,"column":9},"skip":true}]},"13":{"line":138,"type":"binary-expr","locations":[{"start":{"line":138,"column":48},"end":{"line":138,"column":85},"skip":true},{"start":{"line":139,"column":12},"end":{"line":145,"column":13},"skip":true}]},"14":{"line":147,"type":"binary-expr","locations":[{"start":{"line":147,"column":42},"end":{"line":147,"column":73},"skip":true},{"start":{"line":147,"column":77},"end":{"line":156,"column":9},"skip":true}]},"15":{"line":158,"type":"binary-expr","locations":[{"start":{"line":158,"column":45},"end":{"line":158,"column":79},"skip":true},{"start":{"line":158,"column":83},"end":{"line":167,"column":9},"skip":true}]},"16":{"line":169,"type":"binary-expr","locations":[{"start":{"line":169,"column":43},"end":{"line":169,"column":75},"skip":true},{"start":{"line":169,"column":79},"end":{"line":178,"column":9},"skip":true}]},"17":{"line":180,"type":"binary-expr","locations":[{"start":{"line":180,"column":41},"end":{"line":180,"column":71},"skip":true},{"start":{"line":180,"column":75},"end":{"line":189,"column":9},"skip":true}]}},"code":["/* istanbul instrument in package npmtest_git_server */","/*jslint","    bitwise: true,","    browser: true,","    maxerr: 8,","    maxlen: 96,","    node: true,","    nomen: true,","    regexp: true,","    stupid: true","*/","(function () {","    'use strict';","    var local;","","","","    // run shared js-env code - pre-init","    (function () {","        // init local","        local = {};","        // init modeJs","        local.modeJs = (function () {","            try {","                return typeof navigator.userAgent === 'string' &&","                    typeof document.querySelector('body') === 'object' &&","                    typeof XMLHttpRequest.prototype.open === 'function' &&","                    'browser';","            } catch (errorCaughtBrowser) {","                return module.exports &&","                    typeof process.versions.node === 'string' &&","                    typeof require('http').createServer === 'function' &&","                    'node';","            }","        }());","        // init global","        local.global = local.modeJs === 'browser'","            ? window","            : global;","        switch (local.modeJs) {","        // re-init local from window.local","        case 'browser':","            local = local.global.utility2.objectSetDefault(","                local.global.utility2_rollup || local.global.local,","                local.global.utility2","            );","            break;","        // re-init local from example.js","        case 'node':","            local = (local.global.utility2_rollup || require('utility2'))","                .requireReadme();","            break;","        }","        // export local","        local.global.local = local;","    }());","","","","    // run shared js-env code - function","    (function () {","        return;","    }());","    switch (local.modeJs) {","","","","    // run browser js-env code - function","    case 'browser':","        break;","","","","    // run node js-env code - function","    case 'node':","        break;","    }","","","","    // run shared js-env code - post-init","    (function () {","        return;","    }());","    switch (local.modeJs) {","","","","    // run browser js-env code - post-init","    case 'browser':","        local.testCase_browser_nullCase = local.testCase_browser_nullCase || function (","            options,","            onError","        ) {","        /*","         * this function will test browsers's null-case handling-behavior-behavior","         */","            onError(null, options);","        };","","        // run tests","        local.nop(local.modeTest &&","            document.querySelector('#testRunButton1') &&","            document.querySelector('#testRunButton1').click());","        break;","","","","    // run node js-env code - post-init","    /* istanbul ignore next */","    case 'node':","        local.testCase_buildApidoc_default = local.testCase_buildApidoc_default || function (","            options,","            onError","        ) {","        /*","         * this function will test buildApidoc's default handling-behavior-behavior","         */","            options = { modulePathList: module.paths };","            local.buildApidoc(options, onError);","        };","","        local.testCase_buildApp_default = local.testCase_buildApp_default || function (","            options,","            onError","        ) {","        /*","         * this function will test buildApp's default handling-behavior-behavior","         */","            local.testCase_buildReadme_default(options, local.onErrorThrow);","            local.testCase_buildLib_default(options, local.onErrorThrow);","            local.testCase_buildTest_default(options, local.onErrorThrow);","            local.testCase_buildCustomOrg_default(options, local.onErrorThrow);","            options = [];","            local.buildApp(options, onError);","        };","","        local.testCase_buildCustomOrg_default = local.testCase_buildCustomOrg_default ||","            function (options, onError) {","            /*","             * this function will test buildCustomOrg's default handling-behavior","             */","                options = {};","                local.buildCustomOrg(options, onError);","            };","","        local.testCase_buildLib_default = local.testCase_buildLib_default || function (","            options,","            onError","        ) {","        /*","         * this function will test buildLib's default handling-behavior","         */","            options = {};","            local.buildLib(options, onError);","        };","","        local.testCase_buildReadme_default = local.testCase_buildReadme_default || function (","            options,","            onError","        ) {","        /*","         * this function will test buildReadme's default handling-behavior-behavior","         */","            options = {};","            local.buildReadme(options, onError);","        };","","        local.testCase_buildTest_default = local.testCase_buildTest_default || function (","            options,","            onError","        ) {","        /*","         * this function will test buildTest's default handling-behavior","         */","            options = {};","            local.buildTest(options, onError);","        };","","        local.testCase_webpage_default = local.testCase_webpage_default || function (","            options,","            onError","        ) {","        /*","         * this function will test webpage's default handling-behavior","         */","            options = { modeCoverageMerge: true, url: local.serverLocalHost + '?modeTest=1' };","            local.browserTest(options, onError);","        };","","        // run test-server","        local.testRunServer(local);","        break;","    }","}());",""],"l":{"12":2,"14":2,"19":2,"21":2,"23":2,"24":2,"25":2,"30":1,"37":2,"40":2,"43":1,"47":1,"50":1,"52":1,"55":2,"61":2,"62":2,"64":2,"70":1,"76":1,"82":2,"83":2,"85":2,"91":1,"98":1,"102":1,"105":1,"112":1,"119":1,"120":1,"123":1,"130":1,"131":1,"132":1,"133":1,"134":1,"135":1,"138":1,"143":2,"144":2,"147":1,"154":2,"155":2,"158":1,"165":2,"166":2,"169":1,"176":2,"177":2,"180":1,"187":1,"188":1,"192":1,"193":1}},"/home/travis/build/npmtest/node-npmtest-git-server/lib.npmtest_git_server.js":{"path":"/home/travis/build/npmtest/node-npmtest-git-server/lib.npmtest_git_server.js","s":{"1":2,"2":2,"3":2,"4":2,"5":2,"6":2,"7":2,"8":1,"9":2,"10":2,"11":2,"12":2,"13":1,"14":1,"15":1,"16":1},"b":{"1":[2,1,1,1],"2":[1,1,1,1],"3":[1,1],"4":[2,2],"5":[1,1]},"f":{"1":2,"2":2,"3":2},"fnMap":{"1":{"name":"(anonymous_1)","line":12,"loc":{"start":{"line":12,"column":1},"end":{"line":12,"column":13}}},"2":{"name":"(anonymous_2)","line":19,"loc":{"start":{"line":19,"column":5},"end":{"line":19,"column":17}}},"3":{"name":"(anonymous_3)","line":23,"loc":{"start":{"line":23,"column":24},"end":{"line":23,"column":36}}}},"statementMap":{"1":{"start":{"line":12,"column":0},"end":{"line":53,"column":5}},"2":{"start":{"line":14,"column":4},"end":{"line":14,"column":14}},"3":{"start":{"line":19,"column":4},"end":{"line":52,"column":9}},"4":{"start":{"line":21,"column":8},"end":{"line":21,"column":19}},"5":{"start":{"line":23,"column":8},"end":{"line":35,"column":13}},"6":{"start":{"line":24,"column":12},"end":{"line":34,"column":13}},"7":{"start":{"line":25,"column":16},"end":{"line":28,"column":30}},"8":{"start":{"line":30,"column":16},"end":{"line":33,"column":27}},"9":{"start":{"line":37,"column":8},"end":{"line":39,"column":21}},"10":{"start":{"line":41,"column":8},"end":{"line":41,"column":54}},"11":{"start":{"line":43,"column":8},"end":{"line":43,"column":55}},"12":{"start":{"line":45,"column":8},"end":{"line":51,"column":9}},"13":{"start":{"line":46,"column":12},"end":{"line":46,"column":61}},"14":{"start":{"line":48,"column":12},"end":{"line":48,"column":35}},"15":{"start":{"line":49,"column":12},"end":{"line":49,"column":49}},"16":{"start":{"line":50,"column":12},"end":{"line":50,"column":43}}},"branchMap":{"1":{"line":25,"type":"binary-expr","locations":[{"start":{"line":25,"column":23},"end":{"line":25,"column":62}},{"start":{"line":26,"column":20},"end":{"line":26,"column":70}},{"start":{"line":27,"column":20},"end":{"line":27,"column":71}},{"start":{"line":28,"column":20},"end":{"line":28,"column":29}}]},"2":{"line":30,"type":"binary-expr","locations":[{"start":{"line":30,"column":23},"end":{"line":30,"column":37}},{"start":{"line":31,"column":20},"end":{"line":31,"column":61}},{"start":{"line":32,"column":20},"end":{"line":32,"column":70}},{"start":{"line":33,"column":20},"end":{"line":33,"column":26}}]},"3":{"line":37,"type":"cond-expr","locations":[{"start":{"line":38,"column":14},"end":{"line":38,"column":20}},{"start":{"line":39,"column":14},"end":{"line":39,"column":20}}]},"4":{"line":41,"type":"binary-expr","locations":[{"start":{"line":41,"column":16},"end":{"line":41,"column":44}},{"start":{"line":41,"column":48},"end":{"line":41,"column":53}}]},"5":{"line":45,"type":"if","locations":[{"start":{"line":45,"column":8},"end":{"line":45,"column":8}},{"start":{"line":45,"column":8},"end":{"line":45,"column":8}}]}},"code":["/* istanbul instrument in package npmtest_git_server */","/*jslint","    bitwise: true,","    browser: true,","    maxerr: 8,","    maxlen: 96,","    node: true,","    nomen: true,","    regexp: true,","    stupid: true","*/","(function () {","    'use strict';","    var local;","","","","    // run shared js-env code - pre-init","    (function () {","        // init local","        local = {};","        // init modeJs","        local.modeJs = (function () {","            try {","                return typeof navigator.userAgent === 'string' &&","                    typeof document.querySelector('body') === 'object' &&","                    typeof XMLHttpRequest.prototype.open === 'function' &&","                    'browser';","            } catch (errorCaughtBrowser) {","                return module.exports &&","                    typeof process.versions.node === 'string' &&","                    typeof require('http').createServer === 'function' &&","                    'node';","            }","        }());","        // init global","        local.global = local.modeJs === 'browser'","            ? window","            : global;","        // init utility2_rollup","        local = local.global.utility2_rollup || local;","        // init lib","        local.local = local.npmtest_git_server = local;","        // init exports","        if (local.modeJs === 'browser') {","            local.global.utility2_npmtest_git_server = local;","        } else {","            module.exports = local;","            module.exports.__dirname = __dirname;","            module.exports.module = module;","        }","    }());","}());",""],"l":{"12":2,"14":2,"19":2,"21":2,"23":2,"24":2,"25":2,"30":1,"37":2,"41":2,"43":2,"45":2,"46":1,"48":1,"49":1,"50":1}},"/home/travis/build/npmtest/node-npmtest-git-server/example.js":{"path":"/home/travis/build/npmtest/node-npmtest-git-server/example.js","s":{"1":2,"2":2,"3":2,"4":2,"5":2,"6":2,"7":2,"8":1,"9":2,"10":2,"11":2,"12":2,"13":1,"14":2,"15":2,"16":2,"17":2,"18":2,"19":0,"20":2,"21":1,"22":1,"23":1,"24":1,"25":1,"26":0,"27":0,"28":1,"29":1,"30":2,"31":0,"32":0,"33":0,"34":1,"35":2,"36":2,"37":3,"38":3,"39":3,"40":3,"41":0,"42":3,"43":3,"44":3,"45":1,"46":3,"47":1,"48":1,"49":1,"50":1,"51":1,"52":1,"53":1,"54":1,"55":1,"56":1,"57":0,"58":1,"59":6,"60":6,"61":1,"62":2,"63":0,"64":2,"65":1,"66":1,"67":0,"68":0,"69":0,"70":0,"71":0,"72":0,"73":0,"74":0,"75":0,"76":0,"77":0,"78":0,"79":0,"80":0,"81":0,"82":0,"83":0},"b":{"1":[2,1,1,1],"2":[1,1,1,1],"3":[1,1],"4":[2,2],"5":[1,1],"6":[1,1],"7":[2,0],"8":[2,1,1,1,1,1],"9":[0,2,0],"10":[1,1],"11":[2,1,1],"12":[1,0],"13":[0,2],"14":[2,0,0,0,0,0,0],"15":[0,3],"16":[3,0],"17":[1,1],"18":[0,1],"19":[1,2,0,2],"20":[1,0],"21":[1,1],"22":[0,0],"23":[0,0],"24":[0,0],"25":[0,0],"26":[0,0],"27":[0,0],"28":[0,0]},"f":{"1":2,"2":2,"3":2,"4":2,"5":2,"6":2,"7":3,"8":3,"9":3,"10":1,"11":6,"12":0},"fnMap":{"1":{"name":"(anonymous_1)","line":26,"loc":{"start":{"line":26,"column":1},"end":{"line":26,"column":13}}},"2":{"name":"(anonymous_2)","line":33,"loc":{"start":{"line":33,"column":5},"end":{"line":33,"column":17}}},"3":{"name":"(anonymous_3)","line":37,"loc":{"start":{"line":37,"column":24},"end":{"line":37,"column":36}}},"4":{"name":"(anonymous_4)","line":69,"loc":{"start":{"line":69,"column":31},"end":{"line":69,"column":48}},"skip":true},"5":{"name":"(anonymous_5)","line":78,"loc":{"start":{"line":78,"column":26},"end":{"line":78,"column":45}},"skip":true},"6":{"name":"(anonymous_6)","line":123,"loc":{"start":{"line":123,"column":33},"end":{"line":123,"column":48}},"skip":true},"7":{"name":"(anonymous_7)","line":125,"loc":{"start":{"line":125,"column":27},"end":{"line":125,"column":39}},"skip":true},"8":{"name":"(anonymous_8)","line":133,"loc":{"start":{"line":133,"column":59},"end":{"line":133,"column":74}},"skip":true},"9":{"name":"(anonymous_9)","line":143,"loc":{"start":{"line":143,"column":45},"end":{"line":143,"column":62}},"skip":true},"10":{"name":"(anonymous_10)","line":144,"loc":{"start":{"line":144,"column":73},"end":{"line":144,"column":92}},"skip":true},"11":{"name":"(anonymous_11)","line":272,"loc":{"start":{"line":272,"column":51},"end":{"line":272,"column":77}},"skip":true},"12":{"name":"(anonymous_12)","line":315,"loc":{"start":{"line":315,"column":32},"end":{"line":315,"column":61}},"skip":true}},"statementMap":{"1":{"start":{"line":26,"column":0},"end":{"line":326,"column":5}},"2":{"start":{"line":28,"column":4},"end":{"line":28,"column":14}},"3":{"start":{"line":33,"column":4},"end":{"line":60,"column":9}},"4":{"start":{"line":35,"column":8},"end":{"line":35,"column":19}},"5":{"start":{"line":37,"column":8},"end":{"line":49,"column":13}},"6":{"start":{"line":38,"column":12},"end":{"line":48,"column":13}},"7":{"start":{"line":39,"column":16},"end":{"line":42,"column":30}},"8":{"start":{"line":44,"column":16},"end":{"line":47,"column":27}},"9":{"start":{"line":51,"column":8},"end":{"line":53,"column":21}},"10":{"start":{"line":55,"column":8},"end":{"line":57,"column":45}},"11":{"start":{"line":59,"column":8},"end":{"line":59,"column":35}},"12":{"start":{"line":61,"column":4},"end":{"line":325,"column":5}},"13":{"start":{"line":69,"column":8},"end":{"line":121,"column":10},"skip":true},"14":{"start":{"line":70,"column":12},"end":{"line":88,"column":13},"skip":true},"15":{"start":{"line":76,"column":16},"end":{"line":87,"column":19},"skip":true},"16":{"start":{"line":79,"column":20},"end":{"line":86,"column":21},"skip":true},"17":{"start":{"line":82,"column":24},"end":{"line":82,"column":43},"skip":true},"18":{"start":{"line":83,"column":24},"end":{"line":83,"column":30},"skip":true},"19":{"start":{"line":85,"column":24},"end":{"line":85,"column":49},"skip":true},"20":{"start":{"line":89,"column":12},"end":{"line":107,"column":13},"skip":true},"21":{"start":{"line":92,"column":16},"end":{"line":102,"column":17},"skip":true},"22":{"start":{"line":93,"column":20},"end":{"line":93,"column":86},"skip":true},"23":{"start":{"line":94,"column":20},"end":{"line":95,"column":45},"skip":true},"24":{"start":{"line":96,"column":20},"end":{"line":96,"column":42},"skip":true},"25":{"start":{"line":97,"column":20},"end":{"line":97,"column":48},"skip":true},"26":{"start":{"line":100,"column":20},"end":{"line":100,"column":85},"skip":true},"27":{"start":{"line":101,"column":20},"end":{"line":101,"column":96},"skip":true},"28":{"start":{"line":103,"column":16},"end":{"line":103,"column":22},"skip":true},"29":{"start":{"line":106,"column":16},"end":{"line":106,"column":22},"skip":true},"30":{"start":{"line":108,"column":12},"end":{"line":120,"column":13},"skip":true},"31":{"start":{"line":114,"column":16},"end":{"line":119,"column":17},"skip":true},"32":{"start":{"line":116,"column":20},"end":{"line":116,"column":78},"skip":true},"33":{"start":{"line":118,"column":20},"end":{"line":118,"column":47},"skip":true},"34":{"start":{"line":123,"column":8},"end":{"line":141,"column":11},"skip":true},"35":{"start":{"line":124,"column":12},"end":{"line":124,"column":54},"skip":true},"36":{"start":{"line":125,"column":12},"end":{"line":140,"column":14},"skip":true},"37":{"start":{"line":126,"column":16},"end":{"line":126,"column":28},"skip":true},"38":{"start":{"line":127,"column":16},"end":{"line":127,"column":69},"skip":true},"39":{"start":{"line":128,"column":16},"end":{"line":128,"column":75},"skip":true},"40":{"start":{"line":129,"column":16},"end":{"line":131,"column":17},"skip":true},"41":{"start":{"line":130,"column":20},"end":{"line":130,"column":27},"skip":true},"42":{"start":{"line":133,"column":16},"end":{"line":137,"column":36},"skip":true},"43":{"start":{"line":134,"column":20},"end":{"line":136,"column":55},"skip":true},"44":{"start":{"line":139,"column":16},"end":{"line":139,"column":57},"skip":true},"45":{"start":{"line":143,"column":8},"end":{"line":147,"column":11},"skip":true},"46":{"start":{"line":144,"column":12},"end":{"line":146,"column":15},"skip":true},"47":{"start":{"line":145,"column":16},"end":{"line":145,"column":70},"skip":true},"48":{"start":{"line":149,"column":8},"end":{"line":149,"column":31},"skip":true},"49":{"start":{"line":150,"column":8},"end":{"line":150,"column":14},"skip":true},"50":{"start":{"line":158,"column":8},"end":{"line":158,"column":31},"skip":true},"51":{"start":{"line":160,"column":8},"end":{"line":160,"column":33},"skip":true},"52":{"start":{"line":161,"column":8},"end":{"line":161,"column":37},"skip":true},"53":{"start":{"line":162,"column":8},"end":{"line":162,"column":35},"skip":true},"54":{"start":{"line":164,"column":8},"end":{"line":164,"column":50},"skip":true},"55":{"start":{"line":166,"column":8},"end":{"line":256,"column":2},"skip":true},"56":{"start":{"line":258,"column":8},"end":{"line":286,"column":9},"skip":true},"57":{"start":{"line":259,"column":12},"end":{"line":269,"column":14},"skip":true},"58":{"start":{"line":271,"column":12},"end":{"line":285,"column":19},"skip":true},"59":{"start":{"line":274,"column":20},"end":{"line":274,"column":35},"skip":true},"60":{"start":{"line":275,"column":20},"end":{"line":284,"column":21},"skip":true},"61":{"start":{"line":277,"column":24},"end":{"line":277,"column":64},"skip":true},"62":{"start":{"line":279,"column":24},"end":{"line":279,"column":40},"skip":true},"63":{"start":{"line":281,"column":24},"end":{"line":281,"column":40},"skip":true},"64":{"start":{"line":283,"column":24},"end":{"line":283,"column":39},"skip":true},"65":{"start":{"line":288,"column":8},"end":{"line":290,"column":9},"skip":true},"66":{"start":{"line":289,"column":12},"end":{"line":289,"column":18},"skip":true},"67":{"start":{"line":291,"column":8},"end":{"line":293,"column":54},"skip":true},"68":{"start":{"line":296,"column":8},"end":{"line":301,"column":37},"skip":true},"69":{"start":{"line":303,"column":8},"end":{"line":303,"column":82},"skip":true},"70":{"start":{"line":306,"column":8},"end":{"line":308,"column":9},"skip":true},"71":{"start":{"line":307,"column":12},"end":{"line":307,"column":82},"skip":true},"72":{"start":{"line":310,"column":8},"end":{"line":312,"column":9},"skip":true},"73":{"start":{"line":311,"column":12},"end":{"line":311,"column":18},"skip":true},"74":{"start":{"line":313,"column":8},"end":{"line":313,"column":54},"skip":true},"75":{"start":{"line":314,"column":8},"end":{"line":314,"column":69},"skip":true},"76":{"start":{"line":315,"column":8},"end":{"line":323,"column":36},"skip":true},"77":{"start":{"line":316,"column":12},"end":{"line":316,"column":61},"skip":true},"78":{"start":{"line":317,"column":12},"end":{"line":320,"column":13},"skip":true},"79":{"start":{"line":318,"column":16},"end":{"line":318,"column":75},"skip":true},"80":{"start":{"line":319,"column":16},"end":{"line":319,"column":23},"skip":true},"81":{"start":{"line":321,"column":12},"end":{"line":321,"column":38},"skip":true},"82":{"start":{"line":322,"column":12},"end":{"line":322,"column":27},"skip":true},"83":{"start":{"line":324,"column":8},"end":{"line":324,"column":14},"skip":true}},"branchMap":{"1":{"line":39,"type":"binary-expr","locations":[{"start":{"line":39,"column":23},"end":{"line":39,"column":62}},{"start":{"line":40,"column":20},"end":{"line":40,"column":70}},{"start":{"line":41,"column":20},"end":{"line":41,"column":71}},{"start":{"line":42,"column":20},"end":{"line":42,"column":29}}]},"2":{"line":44,"type":"binary-expr","locations":[{"start":{"line":44,"column":23},"end":{"line":44,"column":37}},{"start":{"line":45,"column":20},"end":{"line":45,"column":61}},{"start":{"line":46,"column":20},"end":{"line":46,"column":70}},{"start":{"line":47,"column":20},"end":{"line":47,"column":26}}]},"3":{"line":51,"type":"cond-expr","locations":[{"start":{"line":52,"column":14},"end":{"line":52,"column":20}},{"start":{"line":53,"column":14},"end":{"line":53,"column":20}}]},"4":{"line":55,"type":"binary-expr","locations":[{"start":{"line":55,"column":16},"end":{"line":55,"column":44}},{"start":{"line":55,"column":49},"end":{"line":57,"column":43}}]},"5":{"line":55,"type":"cond-expr","locations":[{"start":{"line":56,"column":14},"end":{"line":56,"column":54}},{"start":{"line":57,"column":14},"end":{"line":57,"column":43}}]},"6":{"line":61,"type":"switch","locations":[{"start":{"line":68,"column":4},"end":{"line":150,"column":14},"skip":true},{"start":{"line":156,"column":4},"end":{"line":324,"column":14},"skip":true}]},"7":{"line":70,"type":"if","locations":[{"start":{"line":70,"column":12},"end":{"line":70,"column":12},"skip":true},{"start":{"line":70,"column":12},"end":{"line":70,"column":12},"skip":true}]},"8":{"line":70,"type":"binary-expr","locations":[{"start":{"line":70,"column":16},"end":{"line":70,"column":22},"skip":true},{"start":{"line":70,"column":27},"end":{"line":70,"column":32},"skip":true},{"start":{"line":71,"column":20},"end":{"line":71,"column":39},"skip":true},{"start":{"line":72,"column":20},"end":{"line":72,"column":49},"skip":true},{"start":{"line":73,"column":20},"end":{"line":73,"column":58},"skip":true},{"start":{"line":74,"column":20},"end":{"line":74,"column":69},"skip":true}]},"9":{"line":79,"type":"switch","locations":[{"start":{"line":80,"column":20},"end":{"line":80,"column":33},"skip":true},{"start":{"line":81,"column":20},"end":{"line":83,"column":30},"skip":true},{"start":{"line":84,"column":20},"end":{"line":85,"column":49},"skip":true}]},"10":{"line":89,"type":"switch","locations":[{"start":{"line":90,"column":12},"end":{"line":103,"column":22},"skip":true},{"start":{"line":105,"column":12},"end":{"line":106,"column":22},"skip":true}]},"11":{"line":89,"type":"binary-expr","locations":[{"start":{"line":89,"column":20},"end":{"line":89,"column":25},"skip":true},{"start":{"line":89,"column":29},"end":{"line":89,"column":48},"skip":true},{"start":{"line":89,"column":52},"end":{"line":89,"column":74},"skip":true}]},"12":{"line":92,"type":"if","locations":[{"start":{"line":92,"column":16},"end":{"line":92,"column":16},"skip":true},{"start":{"line":92,"column":16},"end":{"line":92,"column":16},"skip":true}]},"13":{"line":108,"type":"if","locations":[{"start":{"line":108,"column":12},"end":{"line":108,"column":12},"skip":true},{"start":{"line":108,"column":12},"end":{"line":108,"column":12},"skip":true}]},"14":{"line":108,"type":"binary-expr","locations":[{"start":{"line":108,"column":16},"end":{"line":108,"column":61},"skip":true},{"start":{"line":108,"column":66},"end":{"line":108,"column":72},"skip":true},{"start":{"line":108,"column":77},"end":{"line":108,"column":82},"skip":true},{"start":{"line":109,"column":20},"end":{"line":109,"column":39},"skip":true},{"start":{"line":110,"column":20},"end":{"line":110,"column":49},"skip":true},{"start":{"line":111,"column":20},"end":{"line":111,"column":58},"skip":true},{"start":{"line":112,"column":20},"end":{"line":112,"column":68},"skip":true}]},"15":{"line":129,"type":"if","locations":[{"start":{"line":129,"column":16},"end":{"line":129,"column":16},"skip":true},{"start":{"line":129,"column":16},"end":{"line":129,"column":16},"skip":true}]},"16":{"line":134,"type":"cond-expr","locations":[{"start":{"line":135,"column":26},"end":{"line":135,"column":29},"skip":true},{"start":{"line":136,"column":26},"end":{"line":136,"column":54},"skip":true}]},"17":{"line":164,"type":"binary-expr","locations":[{"start":{"line":164,"column":27},"end":{"line":164,"column":43},"skip":true},{"start":{"line":164,"column":47},"end":{"line":164,"column":49},"skip":true}]},"18":{"line":258,"type":"if","locations":[{"start":{"line":258,"column":8},"end":{"line":258,"column":8},"skip":true},{"start":{"line":258,"column":8},"end":{"line":258,"column":8},"skip":true}]},"19":{"line":275,"type":"switch","locations":[{"start":{"line":276,"column":20},"end":{"line":277,"column":64},"skip":true},{"start":{"line":278,"column":20},"end":{"line":279,"column":40},"skip":true},{"start":{"line":280,"column":20},"end":{"line":281,"column":40},"skip":true},{"start":{"line":282,"column":20},"end":{"line":283,"column":39},"skip":true}]},"20":{"line":288,"type":"if","locations":[{"start":{"line":288,"column":8},"end":{"line":288,"column":8},"skip":true},{"start":{"line":288,"column":8},"end":{"line":288,"column":8},"skip":true}]},"21":{"line":288,"type":"binary-expr","locations":[{"start":{"line":288,"column":12},"end":{"line":288,"column":40},"skip":true},{"start":{"line":288,"column":44},"end":{"line":288,"column":67},"skip":true}]},"22":{"line":292,"type":"binary-expr","locations":[{"start":{"line":292,"column":12},"end":{"line":292,"column":50},"skip":true},{"start":{"line":293,"column":12},"end":{"line":293,"column":53},"skip":true}]},"23":{"line":297,"type":"binary-expr","locations":[{"start":{"line":297,"column":12},"end":{"line":297,"column":68},"skip":true},{"start":{"line":298,"column":12},"end":{"line":301,"column":36},"skip":true}]},"24":{"line":303,"type":"binary-expr","locations":[{"start":{"line":303,"column":43},"end":{"line":303,"column":75},"skip":true},{"start":{"line":303,"column":79},"end":{"line":303,"column":81},"skip":true}]},"25":{"line":306,"type":"if","locations":[{"start":{"line":306,"column":8},"end":{"line":306,"column":8},"skip":true},{"start":{"line":306,"column":8},"end":{"line":306,"column":8},"skip":true}]},"26":{"line":310,"type":"if","locations":[{"start":{"line":310,"column":8},"end":{"line":310,"column":8},"skip":true},{"start":{"line":310,"column":8},"end":{"line":310,"column":8},"skip":true}]},"27":{"line":313,"type":"binary-expr","locations":[{"start":{"line":313,"column":27},"end":{"line":313,"column":43},"skip":true},{"start":{"line":313,"column":47},"end":{"line":313,"column":53},"skip":true}]},"28":{"line":317,"type":"if","locations":[{"start":{"line":317,"column":12},"end":{"line":317,"column":12},"skip":true},{"start":{"line":317,"column":12},"end":{"line":317,"column":12},"skip":true}]}},"code":["/*","example.js","","quickstart example","","instruction","    1. save this script as example.js","    2. run the shell command:","        $ npm install npmtest-git-server && PORT=8081 node example.js","    3. play with the browser-demo on http://127.0.0.1:8081","*/","","","","/* istanbul instrument in package npmtest_git_server */","/*jslint","    bitwise: true,","    browser: true,","    maxerr: 8,","    maxlen: 96,","    node: true,","    nomen: true,","    regexp: true,","    stupid: true","*/","(function () {","    'use strict';","    var local;","","","","    // run shared js-env code - pre-init","    (function () {","        // init local","        local = {};","        // init modeJs","        local.modeJs = (function () {","            try {","                return typeof navigator.userAgent === 'string' &&","                    typeof document.querySelector('body') === 'object' &&","                    typeof XMLHttpRequest.prototype.open === 'function' &&","                    'browser';","            } catch (errorCaughtBrowser) {","                return module.exports &&","                    typeof process.versions.node === 'string' &&","                    typeof require('http').createServer === 'function' &&","                    'node';","            }","        }());","        // init global","        local.global = local.modeJs === 'browser'","            ? window","            : global;","        // init utility2_rollup","        local = local.global.utility2_rollup || (local.modeJs === 'browser'","            ? local.global.utility2_npmtest_git_server","            : global.utility2_moduleExports);","        // export local","        local.global.local = local;","    }());","    switch (local.modeJs) {","","","","    // post-init","    // run browser js-env code - post-init","    /* istanbul ignore next */","    case 'browser':","        local.testRunBrowser = function (event) {","            if (!event || (event &&","                    event.currentTarget &&","                    event.currentTarget.className &&","                    event.currentTarget.className.includes &&","                    event.currentTarget.className.includes('onreset'))) {","                // reset output","                Array.from(","                    document.querySelectorAll('body > .resettable')","                ).forEach(function (element) {","                    switch (element.tagName) {","                    case 'INPUT':","                    case 'TEXTAREA':","                        element.value = '';","                        break;","                    default:","                        element.textContent = '';","                    }","                });","            }","            switch (event && event.currentTarget && event.currentTarget.id) {","            case 'testRunButton1':","                // show tests","                if (document.querySelector('#testReportDiv1').style.display === 'none') {","                    document.querySelector('#testReportDiv1').style.display = 'block';","                    document.querySelector('#testRunButton1').textContent =","                        'hide internal test';","                    local.modeTest = true;","                    local.testRunDefault(local);","                // hide tests","                } else {","                    document.querySelector('#testReportDiv1').style.display = 'none';","                    document.querySelector('#testRunButton1').textContent = 'run internal test';","                }","                break;","            // custom-case","            default:","                break;","            }","            if (document.querySelector('#inputTextareaEval1') && (!event || (event &&","                    event.currentTarget &&","                    event.currentTarget.className &&","                    event.currentTarget.className.includes &&","                    event.currentTarget.className.includes('oneval')))) {","                // try to eval input-code","                try {","                    /*jslint evil: true*/","                    eval(document.querySelector('#inputTextareaEval1').value);","                } catch (errorCaught) {","                    console.error(errorCaught);","                }","            }","        };","        // log stderr and stdout to #outputTextareaStdout1","        ['error', 'log'].forEach(function (key) {","            console[key + '_original'] = console[key];","            console[key] = function () {","                var element;","                console[key + '_original'].apply(console, arguments);","                element = document.querySelector('#outputTextareaStdout1');","                if (!element) {","                    return;","                }","                // append text to #outputTextareaStdout1","                element.value += Array.from(arguments).map(function (arg) {","                    return typeof arg === 'string'","                        ? arg","                        : JSON.stringify(arg, null, 4);","                }).join(' ') + '\\n';","                // scroll textarea to bottom","                element.scrollTop = element.scrollHeight;","            };","        });","        // init event-handling","        ['change', 'click', 'keyup'].forEach(function (event) {","            Array.from(document.querySelectorAll('.on' + event)).forEach(function (element) {","                element.addEventListener(event, local.testRunBrowser);","            });","        });","        // run tests","        local.testRunBrowser();","        break;","","","","    // run node js-env code - post-init","    /* istanbul ignore next */","    case 'node':","        // export local","        module.exports = local;","        // require modules","        local.fs = require('fs');","        local.http = require('http');","        local.url = require('url');","        // init assets","        local.assetsDict = local.assetsDict || {};","        /* jslint-ignore-begin */","        local.assetsDict['/assets.index.template.html'] = '\\","<!doctype html>\\n\\","<html lang=\"en\">\\n\\","<head>\\n\\","<meta charset=\"UTF-8\">\\n\\","<meta name=\"viewport\" content=\"width=device-width, initial-scale=1\">\\n\\","<title>{{env.npm_package_name}} (v{{env.npm_package_version}})</title>\\n\\","<style>\\n\\","/*csslint\\n\\","    box-sizing: false,\\n\\","    universal-selector: false\\n\\","*/\\n\\","* {\\n\\","    box-sizing: border-box;\\n\\","}\\n\\","body {\\n\\","    background: #dde;\\n\\","    font-family: Arial, Helvetica, sans-serif;\\n\\","    margin: 2rem;\\n\\","}\\n\\","body > * {\\n\\","    margin-bottom: 1rem;\\n\\","}\\n\\",".utility2FooterDiv {\\n\\","    margin-top: 20px;\\n\\","    text-align: center;\\n\\","}\\n\\","</style>\\n\\","<style>\\n\\","/*csslint\\n\\","*/\\n\\","textarea {\\n\\","    font-family: monospace;\\n\\","    height: 10rem;\\n\\","    width: 100%;\\n\\","}\\n\\","textarea[readonly] {\\n\\","    background: #ddd;\\n\\","}\\n\\","</style>\\n\\","</head>\\n\\","<body>\\n\\","<!-- utility2-comment\\n\\","<div id=\"ajaxProgressDiv1\" style=\"background: #d00; height: 2px; left: 0; margin: 0; padding: 0; position: fixed; top: 0; transition: background 0.5s, width 1.5s; width: 25%;\"></div>\\n\\","utility2-comment -->\\n\\","<h1>\\n\\","<!-- utility2-comment\\n\\","    <a\\n\\","        {{#if env.npm_package_homepage}}\\n\\","        href=\"{{env.npm_package_homepage}}\"\\n\\","        {{/if env.npm_package_homepage}}\\n\\","        target=\"_blank\"\\n\\","    >\\n\\","utility2-comment -->\\n\\","        {{env.npm_package_name}} (v{{env.npm_package_version}})\\n\\","<!-- utility2-comment\\n\\","    </a>\\n\\","utility2-comment -->\\n\\","</h1>\\n\\","<h3>{{env.npm_package_description}}</h3>\\n\\","<!-- utility2-comment\\n\\","<h4><a download href=\"assets.app.js\">download standalone app</a></h4>\\n\\","<button class=\"onclick onreset\" id=\"testRunButton1\">run internal test</button><br>\\n\\","<div id=\"testReportDiv1\" style=\"display: none;\"></div>\\n\\","utility2-comment -->\\n\\","\\n\\","\\n\\","\\n\\","<label>stderr and stdout</label>\\n\\","<textarea class=\"resettable\" id=\"outputTextareaStdout1\" readonly></textarea>\\n\\","<!-- utility2-comment\\n\\","{{#if isRollup}}\\n\\","<script src=\"assets.app.js\"></script>\\n\\","{{#unless isRollup}}\\n\\","utility2-comment -->\\n\\","<script src=\"assets.utility2.rollup.js\"></script>\\n\\","<script src=\"jsonp.utility2._stateInit?callback=window.utility2._stateInit\"></script>\\n\\","<script src=\"assets.npmtest_git_server.rollup.js\"></script>\\n\\","<script src=\"assets.example.js\"></script>\\n\\","<script src=\"assets.test.js\"></script>\\n\\","<!-- utility2-comment\\n\\","{{/if isRollup}}\\n\\","utility2-comment -->\\n\\","<div class=\"utility2FooterDiv\">\\n\\","    [ this app was created with\\n\\","    <a href=\"https://github.com/kaizhu256/node-utility2\" target=\"_blank\">utility2</a>\\n\\","    ]\\n\\","</div>\\n\\","</body>\\n\\","</html>\\n\\","';","        /* jslint-ignore-end */","        if (local.templateRender) {","            local.assetsDict['/'] = local.templateRender(","                local.assetsDict['/assets.index.template.html'],","                {","                    env: local.objectSetDefault(local.env, {","                        npm_package_description: 'the greatest app in the world!',","                        npm_package_name: 'my-app',","                        npm_package_nameAlias: 'my_app',","                        npm_package_version: '0.0.1'","                    })","                }","            );","        } else {","            local.assetsDict['/'] = local.assetsDict['/assets.index.template.html']","                .replace((/\\{\\{env\\.(\\w+?)\\}\\}/g), function (match0, match1) {","                    // jslint-hack","                    String(match0);","                    switch (match1) {","                    case 'npm_package_description':","                        return 'the greatest app in the world!';","                    case 'npm_package_name':","                        return 'my-app';","                    case 'npm_package_nameAlias':","                        return 'my_app';","                    case 'npm_package_version':","                        return '0.0.1';","                    }","                });","        }","        // run the cli","        if (local.global.utility2_rollup || module !== require.main) {","            break;","        }","        local.assetsDict['/assets.example.js'] =","            local.assetsDict['/assets.example.js'] ||","            local.fs.readFileSync(__filename, 'utf8');","        // bug-workaround - long $npm_package_buildCustomOrg","        /* jslint-ignore-begin */","        local.assetsDict['/assets.npmtest_git_server.rollup.js'] =","            local.assetsDict['/assets.npmtest_git_server.rollup.js'] ||","            local.fs.readFileSync(","                local.npmtest_git_server.__dirname + '/lib.npmtest_git_server.js',","                'utf8'","            ).replace((/^#!/), '//');","        /* jslint-ignore-end */","        local.assetsDict['/favicon.ico'] = local.assetsDict['/favicon.ico'] || '';","        // if $npm_config_timeout_exit exists,","        // then exit this process after $npm_config_timeout_exit ms","        if (Number(process.env.npm_config_timeout_exit)) {","            setTimeout(process.exit, Number(process.env.npm_config_timeout_exit));","        }","        // start server","        if (local.global.utility2_serverHttp1) {","            break;","        }","        process.env.PORT = process.env.PORT || '8081';","        console.error('server starting on port ' + process.env.PORT);","        local.http.createServer(function (request, response) {","            request.urlParsed = local.url.parse(request.url);","            if (local.assetsDict[request.urlParsed.pathname] !== undefined) {","                response.end(local.assetsDict[request.urlParsed.pathname]);","                return;","            }","            response.statusCode = 404;","            response.end();","        }).listen(process.env.PORT);","        break;","    }","}());",""],"l":{"26":2,"28":2,"33":2,"35":2,"37":2,"38":2,"39":2,"44":1,"51":2,"55":2,"59":2,"61":2,"69":1,"70":2,"76":2,"79":2,"82":2,"83":2,"85":1,"89":2,"92":1,"93":1,"94":1,"96":1,"97":1,"100":1,"101":1,"103":1,"106":1,"108":2,"114":1,"116":1,"118":1,"123":1,"124":2,"125":2,"126":3,"127":3,"128":3,"129":3,"130":1,"133":3,"134":3,"139":3,"143":1,"144":3,"145":1,"149":1,"150":1,"158":1,"160":1,"161":1,"162":1,"164":1,"166":1,"258":1,"259":1,"271":1,"274":6,"275":6,"277":1,"279":2,"281":1,"283":2,"288":1,"289":1,"291":1,"296":1,"303":1,"306":1,"307":1,"310":1,"311":1,"313":1,"314":1,"315":1,"316":1,"317":1,"318":1,"319":1,"321":1,"322":1,"324":1}},"/home/travis/build/npmtest/node-npmtest-git-server/node_modules/git-server/host.js":{"path":"/home/travis/build/npmtest/node-npmtest-git-server/node_modules/git-server/host.js","s":{"1":1,"2":0,"3":0,"4":0,"5":0,"6":1,"7":1,"8":1,"9":1,"10":1,"11":1,"12":1,"13":1,"14":1,"15":1,"16":1,"17":1,"18":2,"19":2,"20":2,"21":2,"22":2,"23":2,"24":2,"25":0,"26":2,"27":0,"28":2,"29":0,"30":2,"31":0,"32":2,"33":0,"34":2,"35":2,"36":2,"37":2,"38":2,"39":0,"40":2,"41":0,"42":2,"43":2,"44":2,"45":0,"46":2,"47":2,"48":2,"49":2,"50":0,"51":0,"52":0,"53":0,"54":0,"55":0,"56":0,"57":0,"58":0,"59":0,"60":0,"61":1,"62":0,"63":0,"64":0,"65":0,"66":0,"67":0,"68":0,"69":0,"70":0,"71":0,"72":0,"73":0,"74":0,"75":1,"76":0,"77":0,"78":0,"79":0,"80":0,"81":0,"82":0,"83":0,"84":1,"85":2,"86":2,"87":2,"88":2,"89":2,"90":2,"91":2,"92":2,"93":2,"94":0,"95":1,"96":0,"97":0,"98":0,"99":0,"100":0,"101":0,"102":0,"103":0,"104":0,"105":0,"106":0,"107":1,"108":0,"109":0,"110":0,"111":0,"112":0,"113":0,"114":0,"115":0,"116":0,"117":0,"118":0,"119":0,"120":1,"121":2,"122":2,"123":2,"124":1,"125":2,"126":2,"127":2,"128":2,"129":2,"130":0,"131":0,"132":0,"133":0,"134":2,"135":2,"136":2,"137":0,"138":0,"139":0,"140":0,"141":0,"142":1,"143":0,"144":0,"145":0,"146":0,"147":0,"148":0,"149":0,"150":0,"151":0,"152":0,"153":1,"154":0,"155":0,"156":0,"157":0,"158":0,"159":0,"160":0,"161":0,"162":0,"163":1,"164":0,"165":0,"166":0,"167":0,"168":0,"169":1,"170":0,"171":0,"172":0,"173":0,"174":0,"175":0,"176":0,"177":0,"178":1,"179":0,"180":0,"181":0,"182":0,"183":0,"184":0,"185":0,"186":1,"187":1,"188":1},"b":{"1":[1,0],"2":[0,0],"3":[0,0],"4":[2,0],"5":[2,0],"6":[2,0],"7":[2,0],"8":[0,0],"9":[0,0],"10":[0,0],"11":[0,0],"12":[0,0],"13":[0,0],"14":[0,2],"15":[0,0],"16":[0,0],"17":[0,0],"18":[0,0],"19":[0,0,0],"20":[0,0],"21":[0,0],"22":[0,0],"23":[0,0],"24":[0,0],"25":[0,0],"26":[0,0],"27":[0,0],"28":[0,0,0],"29":[0,0]},"f":{"1":0,"2":1,"3":2,"4":0,"5":0,"6":0,"7":0,"8":0,"9":2,"10":2,"11":0,"12":0,"13":2,"14":0,"15":0,"16":0,"17":0,"18":0,"19":0,"20":0,"21":2,"22":2,"23":0,"24":0,"25":2,"26":2,"27":2,"28":0,"29":0,"30":0,"31":0,"32":0},"fnMap":{"1":{"name":"(anonymous_1)","line":11,"loc":{"start":{"line":11,"column":28},"end":{"line":11,"column":43}}},"2":{"name":"(anonymous_2)","line":33,"loc":{"start":{"line":33,"column":15},"end":{"line":33,"column":26}}},"3":{"name":"GitServer","line":42,"loc":{"start":{"line":42,"column":6},"end":{"line":42,"column":68}}},"4":{"name":"(anonymous_4)","line":49,"loc":{"start":{"line":49,"column":23},"end":{"line":49,"column":42}}},"5":{"name":"(anonymous_5)","line":52,"loc":{"start":{"line":52,"column":23},"end":{"line":52,"column":58}}},"6":{"name":"(anonymous_6)","line":55,"loc":{"start":{"line":55,"column":29},"end":{"line":55,"column":52}}},"7":{"name":"(anonymous_7)","line":58,"loc":{"start":{"line":58,"column":22},"end":{"line":58,"column":37}}},"8":{"name":"(anonymous_8)","line":61,"loc":{"start":{"line":61,"column":23},"end":{"line":61,"column":39}}},"9":{"name":"(anonymous_9)","line":64,"loc":{"start":{"line":64,"column":31},"end":{"line":64,"column":50}}},"10":{"name":"(anonymous_10)","line":67,"loc":{"start":{"line":67,"column":28},"end":{"line":67,"column":39}}},"11":{"name":"(anonymous_11)","line":70,"loc":{"start":{"line":70,"column":33},"end":{"line":70,"column":87}}},"12":{"name":"(anonymous_12)","line":73,"loc":{"start":{"line":73,"column":31},"end":{"line":73,"column":65}}},"13":{"name":"(anonymous_13)","line":76,"loc":{"start":{"line":76,"column":19},"end":{"line":76,"column":30}}},"14":{"name":"(anonymous_14)","line":79,"loc":{"start":{"line":79,"column":26},"end":{"line":79,"column":51}}},"15":{"name":"(anonymous_15)","line":90,"loc":{"start":{"line":90,"column":29},"end":{"line":90,"column":40}}},"16":{"name":"(anonymous_16)","line":91,"loc":{"start":{"line":91,"column":27},"end":{"line":91,"column":38}}},"17":{"name":"(anonymous_17)","line":102,"loc":{"start":{"line":102,"column":51},"end":{"line":102,"column":62}}},"18":{"name":"(anonymous_18)","line":109,"loc":{"start":{"line":109,"column":39},"end":{"line":109,"column":58}}},"19":{"name":"(anonymous_19)","line":115,"loc":{"start":{"line":115,"column":32},"end":{"line":115,"column":55}}},"20":{"name":"(anonymous_20)","line":152,"loc":{"start":{"line":152,"column":39},"end":{"line":152,"column":64}}},"21":{"name":"(anonymous_21)","line":166,"loc":{"start":{"line":166,"column":32},"end":{"line":166,"column":43}}},"22":{"name":"(anonymous_22)","line":168,"loc":{"start":{"line":168,"column":16},"end":{"line":168,"column":27}}},"23":{"name":"(anonymous_23)","line":190,"loc":{"start":{"line":190,"column":44},"end":{"line":190,"column":78}}},"24":{"name":"(anonymous_24)","line":218,"loc":{"start":{"line":218,"column":46},"end":{"line":218,"column":100}}},"25":{"name":"(anonymous_25)","line":237,"loc":{"start":{"line":237,"column":41},"end":{"line":237,"column":52}}},"26":{"name":"(anonymous_26)","line":249,"loc":{"start":{"line":249,"column":44},"end":{"line":249,"column":63}}},"27":{"name":"(anonymous_27)","line":263,"loc":{"start":{"line":263,"column":71},"end":{"line":263,"column":89}}},"28":{"name":"(anonymous_28)","line":283,"loc":{"start":{"line":283,"column":36},"end":{"line":283,"column":52}}},"29":{"name":"(anonymous_29)","line":306,"loc":{"start":{"line":306,"column":35},"end":{"line":306,"column":50}}},"30":{"name":"(anonymous_30)","line":336,"loc":{"start":{"line":336,"column":42},"end":{"line":336,"column":76}}},"31":{"name":"(anonymous_31)","line":354,"loc":{"start":{"line":354,"column":36},"end":{"line":354,"column":71}}},"32":{"name":"(anonymous_32)","line":373,"loc":{"start":{"line":373,"column":36},"end":{"line":373,"column":55}}}},"statementMap":{"1":{"start":{"line":9,"column":2},"end":{"line":11,"column":152}},"2":{"start":{"line":11,"column":45},"end":{"line":11,"column":138}},"3":{"start":{"line":11,"column":92},"end":{"line":11,"column":136}},"4":{"start":{"line":11,"column":127},"end":{"line":11,"column":136}},"5":{"start":{"line":11,"column":139},"end":{"line":11,"column":149}},"6":{"start":{"line":13,"column":2},"end":{"line":13,"column":33}},"7":{"start":{"line":15,"column":2},"end":{"line":15,"column":25}},"8":{"start":{"line":17,"column":2},"end":{"line":17,"column":27}},"9":{"start":{"line":19,"column":2},"end":{"line":19,"column":27}},"10":{"start":{"line":21,"column":2},"end":{"line":21,"column":21}},"11":{"start":{"line":23,"column":2},"end":{"line":23,"column":29}},"12":{"start":{"line":25,"column":2},"end":{"line":25,"column":35}},"13":{"start":{"line":27,"column":2},"end":{"line":27,"column":25}},"14":{"start":{"line":29,"column":2},"end":{"line":29,"column":47}},"15":{"start":{"line":31,"column":2},"end":{"line":31,"column":32}},"16":{"start":{"line":33,"column":2},"end":{"line":388,"column":9}},"17":{"start":{"line":42,"column":6},"end":{"line":107,"column":7}},"18":{"start":{"line":43,"column":8},"end":{"line":43,"column":25}},"19":{"start":{"line":44,"column":8},"end":{"line":44,"column":48}},"20":{"start":{"line":45,"column":8},"end":{"line":45,"column":57}},"21":{"start":{"line":46,"column":8},"end":{"line":46,"column":79}},"22":{"start":{"line":47,"column":8},"end":{"line":47,"column":47}},"23":{"start":{"line":48,"column":8},"end":{"line":48,"column":27}},"24":{"start":{"line":49,"column":8},"end":{"line":51,"column":10}},"25":{"start":{"line":50,"column":10},"end":{"line":50,"column":69}},"26":{"start":{"line":52,"column":8},"end":{"line":54,"column":10}},"27":{"start":{"line":53,"column":10},"end":{"line":53,"column":69}},"28":{"start":{"line":55,"column":8},"end":{"line":57,"column":10}},"29":{"start":{"line":56,"column":10},"end":{"line":56,"column":75}},"30":{"start":{"line":58,"column":8},"end":{"line":60,"column":10}},"31":{"start":{"line":59,"column":10},"end":{"line":59,"column":68}},"32":{"start":{"line":61,"column":8},"end":{"line":63,"column":10}},"33":{"start":{"line":62,"column":10},"end":{"line":62,"column":69}},"34":{"start":{"line":64,"column":8},"end":{"line":66,"column":10}},"35":{"start":{"line":65,"column":10},"end":{"line":65,"column":77}},"36":{"start":{"line":67,"column":8},"end":{"line":69,"column":10}},"37":{"start":{"line":68,"column":10},"end":{"line":68,"column":74}},"38":{"start":{"line":70,"column":8},"end":{"line":72,"column":10}},"39":{"start":{"line":71,"column":10},"end":{"line":71,"column":79}},"40":{"start":{"line":73,"column":8},"end":{"line":75,"column":10}},"41":{"start":{"line":74,"column":10},"end":{"line":74,"column":77}},"42":{"start":{"line":76,"column":8},"end":{"line":78,"column":10}},"43":{"start":{"line":77,"column":10},"end":{"line":77,"column":65}},"44":{"start":{"line":79,"column":8},"end":{"line":81,"column":10}},"45":{"start":{"line":80,"column":10},"end":{"line":80,"column":72}},"46":{"start":{"line":82,"column":8},"end":{"line":84,"column":11}},"47":{"start":{"line":85,"column":8},"end":{"line":88,"column":10}},"48":{"start":{"line":89,"column":8},"end":{"line":89,"column":28}},"49":{"start":{"line":90,"column":8},"end":{"line":106,"column":11}},"50":{"start":{"line":91,"column":10},"end":{"line":105,"column":13}},"51":{"start":{"line":92,"column":12},"end":{"line":92,"column":36}},"52":{"start":{"line":93,"column":12},"end":{"line":101,"column":13}},"53":{"start":{"line":94,"column":14},"end":{"line":94,"column":95}},"54":{"start":{"line":96,"column":14},"end":{"line":96,"column":31}},"55":{"start":{"line":97,"column":14},"end":{"line":97,"column":32}},"56":{"start":{"line":98,"column":14},"end":{"line":98,"column":154}},"57":{"start":{"line":99,"column":14},"end":{"line":99,"column":49}},"58":{"start":{"line":100,"column":14},"end":{"line":100,"column":81}},"59":{"start":{"line":102,"column":12},"end":{"line":104,"column":15}},"60":{"start":{"line":103,"column":14},"end":{"line":103,"column":73}},"61":{"start":{"line":109,"column":6},"end":{"line":144,"column":7}},"62":{"start":{"line":110,"column":8},"end":{"line":110,"column":24}},"63":{"start":{"line":111,"column":8},"end":{"line":142,"column":9}},"64":{"start":{"line":112,"column":10},"end":{"line":112,"column":95}},"65":{"start":{"line":113,"column":10},"end":{"line":113,"column":68}},"66":{"start":{"line":114,"column":10},"end":{"line":114,"column":41}},"67":{"start":{"line":115,"column":10},"end":{"line":122,"column":11}},"68":{"start":{"line":116,"column":12},"end":{"line":116,"column":69}},"69":{"start":{"line":117,"column":12},"end":{"line":121,"column":13}},"70":{"start":{"line":118,"column":14},"end":{"line":118,"column":30}},"71":{"start":{"line":120,"column":14},"end":{"line":120,"column":51}},"72":{"start":{"line":123,"column":10},"end":{"line":140,"column":11}},"73":{"start":{"line":141,"column":10},"end":{"line":141,"column":71}},"74":{"start":{"line":143,"column":8},"end":{"line":143,"column":19}},"75":{"start":{"line":152,"column":6},"end":{"line":164,"column":8}},"76":{"start":{"line":153,"column":8},"end":{"line":156,"column":9}},"77":{"start":{"line":154,"column":10},"end":{"line":154,"column":75}},"78":{"start":{"line":155,"column":10},"end":{"line":155,"column":16}},"79":{"start":{"line":157,"column":8},"end":{"line":163,"column":9}},"80":{"start":{"line":158,"column":10},"end":{"line":158,"column":47}},"81":{"start":{"line":159,"column":10},"end":{"line":159,"column":32}},"82":{"start":{"line":160,"column":10},"end":{"line":160,"column":54}},"83":{"start":{"line":162,"column":10},"end":{"line":162,"column":54}},"84":{"start":{"line":166,"column":6},"end":{"line":180,"column":8}},"85":{"start":{"line":167,"column":8},"end":{"line":167,"column":29}},"86":{"start":{"line":168,"column":8},"end":{"line":176,"column":34}},"87":{"start":{"line":169,"column":10},"end":{"line":169,"column":23}},"88":{"start":{"line":170,"column":10},"end":{"line":170,"column":24}},"89":{"start":{"line":171,"column":10},"end":{"line":174,"column":11}},"90":{"start":{"line":172,"column":12},"end":{"line":172,"column":35}},"91":{"start":{"line":173,"column":12},"end":{"line":173,"column":38}},"92":{"start":{"line":175,"column":10},"end":{"line":175,"column":26}},"93":{"start":{"line":177,"column":8},"end":{"line":179,"column":9}},"94":{"start":{"line":178,"column":10},"end":{"line":178,"column":54}},"95":{"start":{"line":190,"column":6},"end":{"line":204,"column":8}},"96":{"start":{"line":191,"column":8},"end":{"line":191,"column":46}},"97":{"start":{"line":192,"column":8},"end":{"line":192,"column":32}},"98":{"start":{"line":193,"column":8},"end":{"line":193,"column":33}},"99":{"start":{"line":194,"column":8},"end":{"line":194,"column":44}},"100":{"start":{"line":195,"column":8},"end":{"line":203,"column":9}},"101":{"start":{"line":196,"column":10},"end":{"line":196,"column":31}},"102":{"start":{"line":197,"column":10},"end":{"line":197,"column":73}},"103":{"start":{"line":198,"column":10},"end":{"line":198,"column":74}},"104":{"start":{"line":200,"column":10},"end":{"line":200,"column":77}},"105":{"start":{"line":201,"column":10},"end":{"line":201,"column":40}},"106":{"start":{"line":202,"column":10},"end":{"line":202,"column":85}},"107":{"start":{"line":218,"column":6},"end":{"line":235,"column":8}},"108":{"start":{"line":219,"column":8},"end":{"line":219,"column":23}},"109":{"start":{"line":220,"column":8},"end":{"line":220,"column":81}},"110":{"start":{"line":221,"column":8},"end":{"line":221,"column":54}},"111":{"start":{"line":222,"column":8},"end":{"line":234,"column":9}},"112":{"start":{"line":223,"column":10},"end":{"line":223,"column":93}},"113":{"start":{"line":224,"column":10},"end":{"line":224,"column":69}},"114":{"start":{"line":226,"column":10},"end":{"line":233,"column":11}},"115":{"start":{"line":227,"column":12},"end":{"line":227,"column":78}},"116":{"start":{"line":228,"column":12},"end":{"line":228,"column":56}},"117":{"start":{"line":229,"column":12},"end":{"line":229,"column":38}},"118":{"start":{"line":231,"column":12},"end":{"line":231,"column":90}},"119":{"start":{"line":232,"column":12},"end":{"line":232,"column":76}},"120":{"start":{"line":237,"column":6},"end":{"line":241,"column":8}},"121":{"start":{"line":238,"column":8},"end":{"line":238,"column":41}},"122":{"start":{"line":239,"column":8},"end":{"line":239,"column":43}},"123":{"start":{"line":240,"column":8},"end":{"line":240,"column":49}},"124":{"start":{"line":249,"column":6},"end":{"line":275,"column":8}},"125":{"start":{"line":250,"column":8},"end":{"line":251,"column":21}},"126":{"start":{"line":252,"column":8},"end":{"line":252,"column":52}},"127":{"start":{"line":253,"column":8},"end":{"line":253,"column":23}},"128":{"start":{"line":254,"column":8},"end":{"line":254,"column":26}},"129":{"start":{"line":255,"column":8},"end":{"line":262,"column":9}},"130":{"start":{"line":256,"column":10},"end":{"line":256,"column":26}},"131":{"start":{"line":257,"column":10},"end":{"line":261,"column":11}},"132":{"start":{"line":258,"column":12},"end":{"line":258,"column":52}},"133":{"start":{"line":260,"column":12},"end":{"line":260,"column":76}},"134":{"start":{"line":263,"column":8},"end":{"line":274,"column":11}},"135":{"start":{"line":264,"column":10},"end":{"line":264,"column":24}},"136":{"start":{"line":265,"column":10},"end":{"line":273,"column":11}},"137":{"start":{"line":266,"column":12},"end":{"line":269,"column":13}},"138":{"start":{"line":267,"column":14},"end":{"line":267,"column":33}},"139":{"start":{"line":268,"column":14},"end":{"line":268,"column":61}},"140":{"start":{"line":270,"column":12},"end":{"line":270,"column":82}},"141":{"start":{"line":272,"column":12},"end":{"line":272,"column":30}},"142":{"start":{"line":283,"column":6},"end":{"line":298,"column":8}},"143":{"start":{"line":284,"column":8},"end":{"line":284,"column":17}},"144":{"start":{"line":285,"column":8},"end":{"line":285,"column":53}},"145":{"start":{"line":286,"column":8},"end":{"line":286,"column":40}},"146":{"start":{"line":287,"column":8},"end":{"line":297,"column":9}},"147":{"start":{"line":288,"column":10},"end":{"line":293,"column":11}},"148":{"start":{"line":289,"column":12},"end":{"line":289,"column":46}},"149":{"start":{"line":290,"column":12},"end":{"line":290,"column":34}},"150":{"start":{"line":292,"column":12},"end":{"line":292,"column":62}},"151":{"start":{"line":295,"column":10},"end":{"line":295,"column":66}},"152":{"start":{"line":296,"column":10},"end":{"line":296,"column":61}},"153":{"start":{"line":306,"column":6},"end":{"line":327,"column":8}},"154":{"start":{"line":307,"column":8},"end":{"line":307,"column":17}},"155":{"start":{"line":308,"column":8},"end":{"line":308,"column":51}},"156":{"start":{"line":309,"column":8},"end":{"line":309,"column":39}},"157":{"start":{"line":310,"column":8},"end":{"line":319,"column":9}},"158":{"start":{"line":320,"column":8},"end":{"line":320,"column":32}},"159":{"start":{"line":321,"column":8},"end":{"line":326,"column":9}},"160":{"start":{"line":322,"column":10},"end":{"line":322,"column":58}},"161":{"start":{"line":324,"column":10},"end":{"line":324,"column":65}},"162":{"start":{"line":325,"column":10},"end":{"line":325,"column":60}},"163":{"start":{"line":336,"column":6},"end":{"line":344,"column":8}},"164":{"start":{"line":337,"column":8},"end":{"line":337,"column":18}},"165":{"start":{"line":338,"column":8},"end":{"line":343,"column":9}},"166":{"start":{"line":339,"column":10},"end":{"line":342,"column":11}},"167":{"start":{"line":340,"column":12},"end":{"line":340,"column":75}},"168":{"start":{"line":341,"column":12},"end":{"line":341,"column":127}},"169":{"start":{"line":354,"column":6},"end":{"line":365,"column":8}},"170":{"start":{"line":355,"column":8},"end":{"line":355,"column":39}},"171":{"start":{"line":356,"column":8},"end":{"line":356,"column":84}},"172":{"start":{"line":357,"column":8},"end":{"line":357,"column":26}},"173":{"start":{"line":358,"column":8},"end":{"line":363,"column":9}},"174":{"start":{"line":359,"column":10},"end":{"line":359,"column":32}},"175":{"start":{"line":360,"column":10},"end":{"line":362,"column":11}},"176":{"start":{"line":361,"column":12},"end":{"line":361,"column":30}},"177":{"start":{"line":364,"column":8},"end":{"line":364,"column":21}},"178":{"start":{"line":373,"column":6},"end":{"line":383,"column":8}},"179":{"start":{"line":374,"column":8},"end":{"line":374,"column":33}},"180":{"start":{"line":375,"column":8},"end":{"line":375,"column":26}},"181":{"start":{"line":376,"column":8},"end":{"line":381,"column":9}},"182":{"start":{"line":377,"column":10},"end":{"line":377,"column":26}},"183":{"start":{"line":378,"column":10},"end":{"line":380,"column":11}},"184":{"start":{"line":379,"column":12},"end":{"line":379,"column":24}},"185":{"start":{"line":382,"column":8},"end":{"line":382,"column":21}},"186":{"start":{"line":385,"column":6},"end":{"line":385,"column":61}},"187":{"start":{"line":387,"column":6},"end":{"line":387,"column":23}},"188":{"start":{"line":390,"column":4},"end":{"line":390,"column":31}}},"branchMap":{"1":{"line":11,"type":"binary-expr","locations":[{"start":{"line":11,"column":14},"end":{"line":11,"column":24}},{"start":{"line":11,"column":28},"end":{"line":11,"column":151}}]},"2":{"line":11,"type":"if","locations":[{"start":{"line":11,"column":92},"end":{"line":11,"column":92}},{"start":{"line":11,"column":92},"end":{"line":11,"column":92}}]},"3":{"line":11,"type":"binary-expr","locations":[{"start":{"line":11,"column":96},"end":{"line":11,"column":105}},{"start":{"line":11,"column":109},"end":{"line":11,"column":125}}]},"4":{"line":44,"type":"cond-expr","locations":[{"start":{"line":44,"column":37},"end":{"line":44,"column":42}},{"start":{"line":44,"column":45},"end":{"line":44,"column":47}}]},"5":{"line":45,"type":"cond-expr","locations":[{"start":{"line":45,"column":41},"end":{"line":45,"column":48}},{"start":{"line":45,"column":51},"end":{"line":45,"column":56}}]},"6":{"line":46,"type":"cond-expr","locations":[{"start":{"line":46,"column":51},"end":{"line":46,"column":63}},{"start":{"line":46,"column":66},"end":{"line":46,"column":78}}]},"7":{"line":47,"type":"cond-expr","locations":[{"start":{"line":47,"column":35},"end":{"line":47,"column":39}},{"start":{"line":47,"column":42},"end":{"line":47,"column":46}}]},"8":{"line":93,"type":"if","locations":[{"start":{"line":93,"column":12},"end":{"line":93,"column":12}},{"start":{"line":93,"column":12},"end":{"line":93,"column":12}}]},"9":{"line":117,"type":"if","locations":[{"start":{"line":117,"column":12},"end":{"line":117,"column":12}},{"start":{"line":117,"column":12},"end":{"line":117,"column":12}}]},"10":{"line":117,"type":"binary-expr","locations":[{"start":{"line":117,"column":15},"end":{"line":117,"column":27}},{"start":{"line":117,"column":31},"end":{"line":117,"column":46}}]},"11":{"line":153,"type":"if","locations":[{"start":{"line":153,"column":8},"end":{"line":153,"column":8}},{"start":{"line":153,"column":8},"end":{"line":153,"column":8}}]},"12":{"line":153,"type":"binary-expr","locations":[{"start":{"line":153,"column":13},"end":{"line":153,"column":30}},{"start":{"line":153,"column":36},"end":{"line":153,"column":57}}]},"13":{"line":157,"type":"if","locations":[{"start":{"line":157,"column":8},"end":{"line":157,"column":8}},{"start":{"line":157,"column":8},"end":{"line":157,"column":8}}]},"14":{"line":177,"type":"if","locations":[{"start":{"line":177,"column":8},"end":{"line":177,"column":8}},{"start":{"line":177,"column":8},"end":{"line":177,"column":8}}]},"15":{"line":195,"type":"if","locations":[{"start":{"line":195,"column":8},"end":{"line":195,"column":8}},{"start":{"line":195,"column":8},"end":{"line":195,"column":8}}]},"16":{"line":222,"type":"if","locations":[{"start":{"line":222,"column":8},"end":{"line":222,"column":8}},{"start":{"line":222,"column":8},"end":{"line":222,"column":8}}]},"17":{"line":226,"type":"if","locations":[{"start":{"line":226,"column":10},"end":{"line":226,"column":10}},{"start":{"line":226,"column":10},"end":{"line":226,"column":10}}]},"18":{"line":257,"type":"if","locations":[{"start":{"line":257,"column":10},"end":{"line":257,"column":10}},{"start":{"line":257,"column":10},"end":{"line":257,"column":10}}]},"19":{"line":257,"type":"binary-expr","locations":[{"start":{"line":257,"column":15},"end":{"line":257,"column":32}},{"start":{"line":257,"column":38},"end":{"line":257,"column":59}},{"start":{"line":257,"column":65},"end":{"line":257,"column":83}}]},"20":{"line":265,"type":"if","locations":[{"start":{"line":265,"column":10},"end":{"line":265,"column":10}},{"start":{"line":265,"column":10},"end":{"line":265,"column":10}}]},"21":{"line":287,"type":"if","locations":[{"start":{"line":287,"column":8},"end":{"line":287,"column":8}},{"start":{"line":287,"column":8},"end":{"line":287,"column":8}}]},"22":{"line":288,"type":"if","locations":[{"start":{"line":288,"column":10},"end":{"line":288,"column":10}},{"start":{"line":288,"column":10},"end":{"line":288,"column":10}}]},"23":{"line":321,"type":"if","locations":[{"start":{"line":321,"column":8},"end":{"line":321,"column":8}},{"start":{"line":321,"column":8},"end":{"line":321,"column":8}}]},"24":{"line":338,"type":"if","locations":[{"start":{"line":338,"column":8},"end":{"line":338,"column":8}},{"start":{"line":338,"column":8},"end":{"line":338,"column":8}}]},"25":{"line":339,"type":"if","locations":[{"start":{"line":339,"column":10},"end":{"line":339,"column":10}},{"start":{"line":339,"column":10},"end":{"line":339,"column":10}}]},"26":{"line":341,"type":"cond-expr","locations":[{"start":{"line":341,"column":79},"end":{"line":341,"column":117}},{"start":{"line":341,"column":120},"end":{"line":341,"column":126}}]},"27":{"line":360,"type":"if","locations":[{"start":{"line":360,"column":10},"end":{"line":360,"column":10}},{"start":{"line":360,"column":10},"end":{"line":360,"column":10}}]},"28":{"line":360,"type":"binary-expr","locations":[{"start":{"line":360,"column":14},"end":{"line":360,"column":51}},{"start":{"line":360,"column":56},"end":{"line":360,"column":93}},{"start":{"line":360,"column":97},"end":{"line":360,"column":142}}]},"29":{"line":378,"type":"if","locations":[{"start":{"line":378,"column":10},"end":{"line":378,"column":10}},{"start":{"line":378,"column":10},"end":{"line":378,"column":10}}]}},"code":["// Generated by CoffeeScript 1.6.1","/*","  ","  GOAL: A simple to setup and run, multi-tenant Git Server written in NodeJS.","  ","  This was initially created to be used as a multi-tenant git server with powerful event triggers.","  */","","  var GitServer, async, fs, http, https, pushover,","  _this = this,","  __indexOf = [].indexOf || function(item) { for (var i = 0, l = this.length; i < l; i++) { if (i in this && this[i] === item) return i; } return -1; };","","  pushover = require('pushover');","","  http = require('http');","","  https = require('https');","","  async = require('async');","","  fs = require('fs');","","  crypto = require('crypto');","","  git_events = require('git-emit');","","  path = require('path');","","  EventEmitter = require('events').EventEmitter","","  proxy = require('event-proxy')","","  GitServer = (function() {","  /*","      Constructor function for each instance of GitServer","      @param {Array} repos List of repositories","      @param {String} repoLocation Location where the repo's are/will be stored","      @param {Int} port Port on which to run this server.","      @param {Object} certs Object of 'key' and 'cert' with the location of the certs (only used for HTTPS)","      */","","      function GitServer(repos, logging, repoLocation, port, certs) {","        var _this = this;","        this.repos = repos != null ? repos : [];","        this.logging = logging != null ? logging : false;","        this.repoLocation = repoLocation != null ? repoLocation : '/tmp/repos';","        this.port = port != null ? port : 7000;","        this.certs = certs;","        this.getRepo = function(repoName) {","          return GitServer.prototype.getRepo.apply(_this, arguments);","        };","        this.getUser = function(username, password, repo) {","          return GitServer.prototype.getUser.apply(_this, arguments);","        };","        this.checkTriggers = function(method, repo) {","          return GitServer.prototype.checkTriggers.apply(_this, arguments);","        };","        this.onPush = function(push) {","          return GitServer.prototype.onPush.apply(_this, arguments);","        };","        this.onFetch = function(fetch) {","          return GitServer.prototype.onFetch.apply(_this, arguments);","        };","        this.makeReposIfNull = function(callback) {","          return GitServer.prototype.makeReposIfNull.apply(_this, arguments);","        };","        this.gitListeners = function() {","          return GitServer.prototype.gitListeners.apply(_this, arguments);","        };","        this.permissableMethod = function(username, password, method, repo, gitObject) {","          return GitServer.prototype.permissableMethod.apply(_this, arguments);","        };","        this.processSecurity = function(gitObject, method, repo) {","          return GitServer.prototype.processSecurity.apply(_this, arguments);","        };","        this.log = function() {","          return GitServer.prototype.log.apply(_this, arguments);","        };","        this.createRepo = function(repo, callback) {","          return GitServer.prototype.createRepo.apply(_this, arguments);","        };","        this.git = pushover(this.repoLocation, {","          autoCreate: false","        });","        this.permMap = {","          fetch: 'R',","          push: 'W'","        };","        this.gitListeners();","        this.makeReposIfNull(function() {","          _this.bindEvents(function() {","            var message, red, reset;","            if (_this.certs != null) {","              _this.server = https.createServer(_this.certs, _this.git.handle.bind(_this.git));","            } else {","              red = '\\033[31m';","              reset = '\\033[0m';","              message = \"WARNING: No SSL certs passed in. Running as HTTP and not HTTPS.\\nBe careful, without HTTPS your user/pass will not be encrypted\";","              console.log(red + message + reset);","              _this.server = http.createServer(_this.git.handle.bind(_this.git));","            }","            return _this.server.listen(_this.port, function() {","              return _this.log('Server listening on ', _this.port, '\\r');","            });","          });","        });","      }","","      GitServer.prototype.bindEvents = function(callback) {","        var self = this;","        for (var i in this.repos) {","          this.repos[i].path = path.normalize(this.repoLocation+\"/\"+this.repos[i].name+\".git\");","          this.repos[i].git_events = git_events(this.repos[i].path);","          this.repos[i].last_commit = {};","          this.repos[i].event = function(repo, update) {","            emitters = EventEmitter.listenerCount(self, update.name);","            if(emitters < 1 && update.canAbort) {","              update.accept();","            } else {","              self.emit(update.name, update, repo);","            }","          }","          var map = {","            \"post-applypatch\": this.repos[i].event,","            \"post-commit\": this.repos[i].event,","            \"post-checkout\": this.repos[i].event,","            \"post-merge\": this.repos[i].event,","            \"post-receive\": this.repos[i].event,","            \"post-update\": this.repos[i].event,","            \"post-rewrite\": this.repos[i].event,","            \"applypatch-msg\": this.repos[i].event,","            \"pre-applypatch\": this.repos[i].event,","            \"pre-commit\": this.repos[i].event,","            \"prepare-commit-msg\": this.repos[i].event,","            \"commit-msg\": this.repos[i].event,","            \"pre-rebase\": this.repos[i].event,","            \"pre-receive\": this.repos[i].event,","            \"update\": this.repos[i
[...]
:7}},"96":{"start":{"line":179,"column":6},"end":{"line":179,"column":54}},"97":{"start":{"line":180,"column":6},"end":{"line":180,"column":48}},"98":{"start":{"line":181,"column":6},"end":{"line":181,"column":48}},"99":{"start":{"line":182,"column":6},"end":{"line":182,"column":56}},"100":{"start":{"line":183,"column":6},"end":{"line":183,"column":37}},"101":{"start":{"line":184,"column":6},"end":{"line":184,"column":51}},"102":{"start":{"line":185,"column":6},"end":{"line":187,"column":7}},"103":{"start":{"line":186,"column":8},"end":{"line":186,"column":28}},"104":{"start":{"line":188,"column":6},"end":{"line":199,"column":7}},"105":{"start":{"line":189,"column":8},"end":{"line":189,"column":49}},"106":{"start":{"line":190,"column":13},"end":{"line":199,"column":7}},"107":{"start":{"line":191,"column":8},"end":{"line":191,"column":49}},"108":{"start":{"line":193,"column":8},"end":{"line":196,"column":11}},"109":{"start":{"line":197,"column":8},"end":{"line":197,"column":34}},"110":{"start":{"line":198,"column":8},"end":{"line":198,"column":26}},"111":{"start":{"line":209,"column":2},"end":{"line":219,"column":4}},"112":{"start":{"line":210,"column":4},"end":{"line":210,"column":29}},"113":{"start":{"line":211,"column":4},"end":{"line":211,"column":22}},"114":{"start":{"line":212,"column":4},"end":{"line":217,"column":5}},"115":{"start":{"line":213,"column":6},"end":{"line":213,"column":22}},"116":{"start":{"line":214,"column":6},"end":{"line":216,"column":7}},"117":{"start":{"line":215,"column":8},"end":{"line":215,"column":20}},"118":{"start":{"line":218,"column":4},"end":{"line":218,"column":17}},"119":{"start":{"line":227,"column":2},"end":{"line":229,"column":4}},"120":{"start":{"line":228,"column":4},"end":{"line":228,"column":67}},"121":{"start":{"line":231,"column":2},"end":{"line":274,"column":4}},"122":{"start":{"line":232,"column":4},"end":{"line":232,"column":113}},"123":{"start":{"line":233,"column":4},"end":{"line":233,"column":23}},"124":{"start":{"line":234,"column":4},"end":{"line":234,"column":22}},"125":{"start":{"line":235,"column":4},"end":{"line":252,"column":5}},"126":{"start":{"line":236,"column":6},"end":{"line":236,"column":22}},"127":{"start":{"line":237,"column":6},"end":{"line":237,"column":22}},"128":{"start":{"line":238,"column":6},"end":{"line":238,"column":35}},"129":{"start":{"line":239,"column":6},"end":{"line":251,"column":7}},"130":{"start":{"line":240,"column":8},"end":{"line":240,"column":25}},"131":{"start":{"line":241,"column":8},"end":{"line":241,"column":27}},"132":{"start":{"line":242,"column":8},"end":{"line":250,"column":9}},"133":{"start":{"line":243,"column":10},"end":{"line":243,"column":31}},"134":{"start":{"line":244,"column":10},"end":{"line":249,"column":11}},"135":{"start":{"line":245,"column":12},"end":{"line":248,"column":15}},"136":{"start":{"line":253,"column":4},"end":{"line":256,"column":7}},"137":{"start":{"line":257,"column":4},"end":{"line":257,"column":23}},"138":{"start":{"line":258,"column":4},"end":{"line":271,"column":5}},"139":{"start":{"line":259,"column":6},"end":{"line":259,"column":23}},"140":{"start":{"line":260,"column":6},"end":{"line":269,"column":11}},"141":{"start":{"line":261,"column":8},"end":{"line":261,"column":39}},"142":{"start":{"line":262,"column":8},"end":{"line":262,"column":27}},"143":{"start":{"line":263,"column":8},"end":{"line":263,"column":22}},"144":{"start":{"line":264,"column":8},"end":{"line":267,"column":9}},"145":{"start":{"line":265,"column":10},"end":{"line":265,"column":27}},"146":{"start":{"line":266,"column":10},"end":{"line":266,"column":84}},"147":{"start":{"line":268,"column":8},"end":{"line":268,"column":24}},"148":{"start":{"line":270,"column":6},"end":{"line":270,"column":67}},"149":{"start":{"line":272,"column":4},"end":{"line":272,"column":34}},"150":{"start":{"line":273,"column":4},"end":{"line":273,"column":22}},"151":{"start":{"line":276,"column":2},"end":{"line":299,"column":4}},"152":{"start":{"line":277,"column":4},"end":{"line":277,"column":43}},"153":{"start":{"line":278,"column":4},"end":{"line":278,"column":33}},"154":{"start":{"line":279,"column":4},"end":{"line":282,"column":7}},"155":{"start":{"line":283,"column":4},"end":{"line":296,"column":5}},"156":{"start":{"line":284,"column":6},"end":{"line":284,"column":23}},"157":{"start":{"line":285,"column":6},"end":{"line":294,"column":11}},"158":{"start":{"line":286,"column":8},"end":{"line":286,"column":38}},"159":{"start":{"line":287,"column":8},"end":{"line":287,"column":26}},"160":{"start":{"line":288,"column":8},"end":{"line":288,"column":22}},"161":{"start":{"line":289,"column":8},"end":{"line":292,"column":9}},"162":{"start":{"line":290,"column":10},"end":{"line":290,"column":26}},"163":{"start":{"line":291,"column":10},"end":{"line":291,"column":93}},"164":{"start":{"line":293,"column":8},"end":{"line":293,"column":24}},"165":{"start":{"line":295,"column":6},"end":{"line":295,"column":63}},"166":{"start":{"line":297,"column":4},"end":{"line":297,"column":34}},"167":{"start":{"line":298,"column":4},"end":{"line":298,"column":22}},"168":{"start":{"line":301,"column":2},"end":{"line":308,"column":4}},"169":{"start":{"line":302,"column":4},"end":{"line":302,"column":15}},"170":{"start":{"line":303,"column":4},"end":{"line":306,"column":7}},"171":{"start":{"line":307,"column":4},"end":{"line":307,"column":44}},"172":{"start":{"line":310,"column":2},"end":{"line":310,"column":16}},"173":{"start":{"line":314,"column":0},"end":{"line":314,"column":65}},"174":{"start":{"line":316,"column":0},"end":{"line":316,"column":33}}},"branchMap":{"1":{"line":10,"type":"if","locations":[{"start":{"line":10,"column":66},"end":{"line":10,"column":66}},{"start":{"line":10,"column":66},"end":{"line":10,"column":66}}]},"2":{"line":32,"type":"binary-expr","locations":[{"start":{"line":32,"column":11},"end":{"line":32,"column":25}},{"start":{"line":32,"column":29},"end":{"line":32,"column":33}}]},"3":{"line":34,"type":"binary-expr","locations":[{"start":{"line":34,"column":10},"end":{"line":34,"column":27}},{"start":{"line":34,"column":31},"end":{"line":34,"column":36}}]},"4":{"line":38,"type":"if","locations":[{"start":{"line":38,"column":2},"end":{"line":38,"column":2}},{"start":{"line":38,"column":2},"end":{"line":38,"column":2}}]},"5":{"line":46,"type":"binary-expr","locations":[{"start":{"line":46,"column":15},"end":{"line":46,"column":34}},{"start":{"line":46,"column":38},"end":{"line":46,"column":87}}]},"6":{"line":48,"type":"if","locations":[{"start":{"line":48,"column":0},"end":{"line":48,"column":0}},{"start":{"line":48,"column":0},"end":{"line":48,"column":0}}]},"7":{"line":56,"type":"if","locations":[{"start":{"line":56,"column":0},"end":{"line":56,"column":0}},{"start":{"line":56,"column":0},"end":{"line":56,"column":0}}]},"8":{"line":80,"type":"cond-expr","locations":[{"start":{"line":80,"column":33},"end":{"line":80,"column":38}},{"start":{"line":80,"column":41},"end":{"line":80,"column":43}}]},"9":{"line":125,"type":"if","locations":[{"start":{"line":125,"column":6},"end":{"line":125,"column":6}},{"start":{"line":125,"column":6},"end":{"line":125,"column":6}}]},"10":{"line":130,"type":"if","locations":[{"start":{"line":130,"column":6},"end":{"line":130,"column":6}},{"start":{"line":130,"column":6},"end":{"line":130,"column":6}}]},"11":{"line":152,"type":"if","locations":[{"start":{"line":152,"column":6},"end":{"line":152,"column":6}},{"start":{"line":152,"column":6},"end":{"line":152,"column":6}}]},"12":{"line":157,"type":"if","locations":[{"start":{"line":157,"column":6},"end":{"line":157,"column":6}},{"start":{"line":157,"column":6},"end":{"line":157,"column":6}}]},"13":{"line":185,"type":"if","locations":[{"start":{"line":185,"column":6},"end":{"line":185,"column":6}},{"start":{"line":185,"column":6},"end":{"line":185,"column":6}}]},"14":{"line":188,"type":"if","locations":[{"start":{"line":188,"column":6},"end":{"line":188,"column":6}},{"start":{"line":188,"column":6},"end":{"line":188,"column":6}}]},"15":{"line":190,"type":"if","locations":[{"start":{"line":190,"column":13},"end":{"line":190,"column":13}},{"start":{"line":190,"column":13},"end":{"line":190,"column":13}}]},"16":{"line":214,"type":"if","locations":[{"start":{"line":214,"column":6},"end":{"line":214,"column":6}},{"start":{"line":214,"column":6},"end":{"line":214,"column":6}}]},"17":{"line":244,"type":"if","locations":[{"start":{"line":244,"column":10},"end":{"line":244,"column":10}},{"start":{"line":244,"column":10},"end":{"line":244,"column":10}}]}},"code":["//#!/usr/bin/env node","// Generated by CoffeeScript 1.6.1","/*","\tThis is the CLI interface for using git-server.","*/","","var CLI, EventEmitter, GITCLI, GitServer, Table, async, commander, fs, getUserHomeDir, logging, mkdirp, path, repoDB, repoLocation, repoPort, repos, _c, _g,","  _this = this,","  __hasProp = {}.hasOwnProperty,","  __extends = function(child, parent) { for (var key in parent) { if (__hasProp.call(parent, key)) child[key] = parent[key]; } function ctor() { this.constructor = child; } ctor.prototype = parent.prototype; child.prototype = new ctor(); child.__super__ = parent.prototype; return child; };","","EventEmitter = require('events').EventEmitter;","","CLI = require('cli-listener');","","GitServer = require('./host.js');","","mkdirp = require('mkdirp');","","fs = require('fs');","","async = require('async');","","path = require('path');","","Table = require('cli-table');","","commander = require('commander');","","commander.version('0.0.1').option('-p, --port [value]', 'Port to run Git on', parseInt).option('-d, --directory [value]', 'Directory of the repos').option('-l, --logging', 'Verbose logging on or off').parse(process.argv);","","repoPort = commander.port || 7000;","","logging = commander.logging || false;","","getUserHomeDir = function() {","  var dir;","  if (process.platform === 'win32') {","    dir = 'USERPROFILE';","  } else {","    dir = 'HOME';","  }","  return process.env[dir];","};","","repoLocation = commander.directory || path.join(getUserHomeDir(), './git-server/repos');","","if (commander.directory !== void 0) {","  repoDB = commander.directory + '.db';","} else {","  repoDB = path.join(getUserHomeDir(), './git-server/repos.db');","}","","mkdirp.sync(repoLocation);","","if (fs.existsSync(repoDB)) {","  repos = JSON.parse(fs.readFileSync(repoDB));","} else {","  repos = {","    repos: [],","    users: []","  };","}","","GITCLI = (function(_super) {","","  __extends(GITCLI, _super);","","  /*","  \t\tConstructor for the CLI interface","  \t\t@param {Object} gitServer Git-Server object instance","  \t\t@param {Array} users Users we are managing","  */","","","  function GITCLI(gitServer, users) {","    var availableCalls, welcomeMessage,","      _this = this;","    this.gitServer = gitServer;","    this.users = users != null ? users : [];","    this.saveConfig = function() {","      return GITCLI.prototype.saveConfig.apply(_this, arguments);","    };","    this.listRepos = function(callback) {","      return GITCLI.prototype.listRepos.apply(_this, arguments);","    };","    this.listUsers = function(callback) {","      return GITCLI.prototype.listUsers.apply(_this, arguments);","    };","    this.columnPercentage = function(percentage) {","      return GITCLI.prototype.columnPercentage.apply(_this, arguments);","    };","    this.getUser = function(username) {","      return GITCLI.prototype.getUser.apply(_this, arguments);","    };","    this.addUserToRepo = function(callback) {","      return GITCLI.prototype.addUserToRepo.apply(_this, arguments);","    };","    this.createUser = function(callback) {","      return GITCLI.prototype.createUser.apply(_this, arguments);","    };","    this.createRepo = function(callback) {","      return GITCLI.prototype.createRepo.apply(_this, arguments);","    };","    availableCalls = {","      'create repo': this.createRepo,","      'create user': this.createUser,","      'list repos': this.listRepos,","      'list users': this.listUsers,","      'add user to repo': this.addUserToRepo","    };","    welcomeMessage = \"Welcome to Git Server - Powered by NodeJS\\n - Repo Location: \t\" + repoLocation + \"\\n - Listening Port: \t\" + repoPort + \"\\n - Repo Count: \" + this.gitServer.repos.length + \"\\n - User Count: \" + this.users.length;","    this.cli = new CLI('git-server', welcomeMessage, availableCalls);","    this.on('changedData', this.saveConfig);","    setTimeout(this.cli.resetInput, 100);","  }","","  GITCLI.prototype.createRepo = function(callback) {","    var _this = this;","    return this.cli.ask({","      name: 'Repo Name: ',","      anonRead: 'Anonymous Access? [y,N] :: '","    }, function(err, results) {","      var anon, name;","      if (err) {","        throw err;","      }","      name = results.name.toLowerCase();","      anon = results.anonRead.toLowerCase();","      if (anon === 'y') {","        anon = true;","      } else {","        anon = false;","      }","      _this.gitServer.createRepo({","        name: name,","        anonRead: anon,","        users: []","      });","      _this.emit('changedData');","      return callback();","    });","  };","","  GITCLI.prototype.createUser = function(callback) {","    var _this = this;","    return this.cli.ask({","      username: 'Users username: ',","      password: 'Users password: '","    }, function(err, answers) {","      var user, username;","      if (err) {","        throw err;","      }","      username = answers.username.toLowerCase();","      user = _this.getUser(username);","      if (user !== false) {","        console.log('This username already exists');","        return callback();","      } else {","        user = {","          username: username,","          password: answers.password","        };","        _this.users.push(user);","        _this.emit('changedData');","        return callback();","      }","    });","  };","","  GITCLI.prototype.addUserToRepo = function(callback) {","    var _this = this;","    return this.cli.ask({","      repoName: 'Repo Name: ',","      username: 'Users username: ',","      permissions: 'Permissions (comma seperated: R,W ): '","    }, function(err, answers) {","      var permissions, repo, repoName, user, username;","      repoName = answers.repoName.toLowerCase();","      username = answers.username.toLowerCase();","      repo = _this.gitServer.getRepo(repoName + '.git');","      user = _this.getUser(username);","      permissions = answers.permissions.split(',');","      if (permissions.length === 0) {","        permissions = ['R'];","      }","      if (repo === false) {","        return console.log('Repo doesnt exist.');","      } else if (user === false) {","        return console.log('User doesnt exist.');","      } else {","        repo.users.push({","          user: user,","          permissions: permissions","        });","        _this.emit('changedData');","        return callback();","      }","    });","  };","","  /*","  \t\tLoop through and find this user","  \t\t@param {String} username Username of the user we are looking for","  */","","","  GITCLI.prototype.getUser = function(username) {","    var user, _i, _len, _ref;","    _ref = this.users;","    for (_i = 0, _len = _ref.length; _i < _len; _i++) {","      user = _ref[_i];","      if (user.username === username) {","        return user;","      }","    }","    return false;","  };","","  /*","  \t\tGet the number of columns needed from a % width","  \t\t@param {Int} percentage Percentage of the console width","  */","","","  GITCLI.prototype.columnPercentage = function(percentage) {","    return Math.floor(process.stdout.columns * (percentage / 100));","  };","","  GITCLI.prototype.listUsers = function(callback) {","    var repo, repoUser, table, user, users, _i, _j, _k, _l, _len, _len1, _len2, _len3, _ref, _ref1, _ref2, _ref3;","    users = this.users;","    _ref = this.users;","    for (_i = 0, _len = _ref.length; _i < _len; _i++) {","      user = _ref[_i];","      user.repos = [];","      _ref1 = this.gitServer.repos;","      for (_j = 0, _len1 = _ref1.length; _j < _len1; _j++) {","        repo = _ref1[_j];","        _ref2 = repo.users;","        for (_k = 0, _len2 = _ref2.length; _k < _len2; _k++) {","          repoUser = _ref2[_k];","          if (repoUser.user.username === user.username) {","            user.repos.push({","              name: repo.name,","              permissions: repoUser.permissions","            });","          }","        }","      }","    }","    table = new Table({","      head: ['Username', 'Password', 'Repos'],","      colWidths: [this.columnPercentage(40) - 1, this.columnPercentage(20) - 1, this.columnPercentage(40) - 1]","    });","    _ref3 = this.users;","    for (_l = 0, _len3 = _ref3.length; _l < _len3; _l++) {","      user = _ref3[_l];","      repos = (function() {","        var _len4, _m, _ref4, _results;","        _ref4 = user.repos;","        _results = [];","        for (_m = 0, _len4 = _ref4.length; _m < _len4; _m++) {","          repo = _ref4[_m];","          _results.push(\"\" + repo.name + \" (\" + (repo.permissions.join(',')) + \")\");","        }","        return _results;","      })();","      table.push([user.username, user.password, repos.join('\\n')]);","    }","    console.log(table.toString());","    return callback();","  };","","  GITCLI.prototype.listRepos = function(callback) {","    var repo, table, user, users, _i, _len;","    repos = this.gitServer.repos;","    table = new Table({","      head: ['Repo Name', 'Anonymous Reads', 'Users'],","      colWidths: [this.columnPercentage(40) - 1, this.columnPercentage(20) - 1, this.columnPercentage(40) - 1]","    });","    for (_i = 0, _len = repos.length; _i < _len; _i++) {","      repo = repos[_i];","      users = (function() {","        var _j, _len1, _ref, _results;","        _ref = repo.users;","        _results = [];","        for (_j = 0, _len1 = _ref.length; _j < _len1; _j++) {","          user = _ref[_j];","          _results.push(\"\" + user.user.username + \" (\" + (user.permissions.join(',')) + \")\");","        }","        return _results;","      })();","      table.push([repo.name, repo.anonRead, users.join('\\n')]);","    }","    console.log(table.toString());","    return callback();","  };","","  GITCLI.prototype.saveConfig = function() {","    var config;","    config = JSON.stringify({","      repos: this.gitServer.repos,","      users: this.users","    });","    return fs.writeFileSync(repoDB, config);","  };","","  return GITCLI;","","})(EventEmitter);","","_g = new GitServer(repos.repos, logging, repoLocation, repoPort);","","_c = new GITCLI(_g, repos.users);",""],"l":{"7":2,"10":10,"12":2,"14":2,"16":2,"18":2,"20":2,"22":2,"24":2,"26":2,"28":2,"30":2,"32":2,"34":2,"36":2,"37":4,"38":4,"39":0,"41":4,"43":4,"46":2,"48":2,"49":0,"51":2,"54":2,"56":2,"57":0,"59":2,"65":2,"67":2,"76":1,"77":0,"79":0,"80":0,"81":0,"82":0,"84":0,"85":0,"87":0,"88":0,"90":0,"91":0,"93":0,"94":0,"96":0,"97":0,"99":0,"100":0,"102":0,"103":0,"105":0,"112":0,"113":0,"114":0,"115":0,"118":2,"119":0,"120":0,"124":0,"125":0,"126":0,"128":0,"129":0,"130":0,"131":0,"133":0,"135":0,"140":0,"141":0,"145":2,"146":0,"147":0,"151":0,"152":0,"153":0,"155":0,"156":0,"157":0,"158":0,"159":0,"161":0,"165":0,"166":0,"167":0,"172":2,"173":0,"174":0,"179":0,"180":0,"181":0,"182":0,"183":0,"184":0,"185":0,"186":0,"188":0,"189":0,"190":0,"191":0,"193":0,"197":0,"198":0,"209":2,"210":0,"211":0,"212":0,"213":0,"214":0,"215":0,"218":0,"227":2,"228":0,"231":2,"232":0,"233":0,"234":0,"235":0,"236":0,"237":0,"238":0,"239":0,"240":0,"241":0,"242":0,"243":0,"244":0,"245":0,"253":0,"257":0,"258":0,"259":0,"260":0,"261":0,"262":0,"263":0,"264":0,"265":0,"266":0,"268":0,"270":0,"272":0,"273":0,"276":2,"277":0,"278":0,"279":0,"283":0,"284":0,"285":0,"286":0,"287":0,"288":0,"289":0,"290":0,"291":0,"293":0,"295":0,"297":0,"298":0,"301":2,"302":0,"303":0,"307":0,"310":2,"314":2,"316":0}}}